-------------------------------------------------------------------------------
Test set: cz.cvut.kbss.ear.race.dao.UserDaoTest
-------------------------------------------------------------------------------
Tests run: 2, Failures: 0, Errors: 2, Skipped: 0, Time elapsed: 1.705 s <<< FAILURE! - in cz.cvut.kbss.ear.race.dao.UserDaoTest
findByUsernameReturnsPersonWithMatchingUsername  Time elapsed: 0 s  <<< ERROR!
java.lang.IllegalStateException: Failed to load ApplicationContext
Caused by: org.springframework.beans.factory.BeanCreationException: Error creating bean with name 'springSecurityFilterChain' defined in class path resource [org/springframework/security/config/annotation/web/configuration/WebSecurityConfiguration.class]: Bean instantiation via factory method failed; nested exception is org.springframework.beans.BeanInstantiationException: Failed to instantiate [javax.servlet.Filter]: Factory method 'springSecurityFilterChain' threw exception; nested exception is org.springframework.beans.factory.NoSuchBeanDefinitionException: No bean named 'mvcHandlerMappingIntrospector' available: A Bean named mvcHandlerMappingIntrospector of type org.springframework.web.servlet.handler.HandlerMappingIntrospector is required to use MvcRequestMatcher. Please ensure Spring Security & Spring MVC are configured in a shared ApplicationContext.
Caused by: org.springframework.beans.BeanInstantiationException: Failed to instantiate [javax.servlet.Filter]: Factory method 'springSecurityFilterChain' threw exception; nested exception is org.springframework.beans.factory.NoSuchBeanDefinitionException: No bean named 'mvcHandlerMappingIntrospector' available: A Bean named mvcHandlerMappingIntrospector of type org.springframework.web.servlet.handler.HandlerMappingIntrospector is required to use MvcRequestMatcher. Please ensure Spring Security & Spring MVC are configured in a shared ApplicationContext.
Caused by: org.springframework.beans.factory.NoSuchBeanDefinitionException: No bean named 'mvcHandlerMappingIntrospector' available: A Bean named mvcHandlerMappingIntrospector of type org.springframework.web.servlet.handler.HandlerMappingIntrospector is required to use MvcRequestMatcher. Please ensure Spring Security & Spring MVC are configured in a shared ApplicationContext.

findByUsernameReturnsNullForUnknownUsername  Time elapsed: 0 s  <<< ERROR!
java.lang.IllegalStateException: Failed to load ApplicationContext
Caused by: org.springframework.beans.factory.BeanCreationException: Error creating bean with name 'springSecurityFilterChain' defined in class path resource [org/springframework/security/config/annotation/web/configuration/WebSecurityConfiguration.class]: Bean instantiation via factory method failed; nested exception is org.springframework.beans.BeanInstantiationException: Failed to instantiate [javax.servlet.Filter]: Factory method 'springSecurityFilterChain' threw exception; nested exception is org.springframework.beans.factory.NoSuchBeanDefinitionException: No bean named 'mvcHandlerMappingIntrospector' available: A Bean named mvcHandlerMappingIntrospector of type org.springframework.web.servlet.handler.HandlerMappingIntrospector is required to use MvcRequestMatcher. Please ensure Spring Security & Spring MVC are configured in a shared ApplicationContext.
Caused by: org.springframework.beans.BeanInstantiationException: Failed to instantiate [javax.servlet.Filter]: Factory method 'springSecurityFilterChain' threw exception; nested exception is org.springframework.beans.factory.NoSuchBeanDefinitionException: No bean named 'mvcHandlerMappingIntrospector' available: A Bean named mvcHandlerMappingIntrospector of type org.springframework.web.servlet.handler.HandlerMappingIntrospector is required to use MvcRequestMatcher. Please ensure Spring Security & Spring MVC are configured in a shared ApplicationContext.
Caused by: org.springframework.beans.factory.NoSuchBeanDefinitionException: No bean named 'mvcHandlerMappingIntrospector' available: A Bean named mvcHandlerMappingIntrospector of type org.springframework.web.servlet.handler.HandlerMappingIntrospector is required to use MvcRequestMatcher. Please ensure Spring Security & Spring MVC are configured in a shared ApplicationContext.

