<?xml version="1.0" encoding="UTF-8"?>
<testsuite xmlns:xsi="http://www.w3.org/2001/XMLSchema-instance" xsi:noNamespaceSchemaLocation="https://maven.apache.org/surefire/maven-surefire-plugin/xsd/surefire-test-report.xsd" name="cz.cvut.kbss.ear.race.service.UserServiceTest" time="1.272" tests="4" errors="0" skipped="0" failures="0">
  <properties>
[...]
</properties>
  <testcase name="withdrawFromRace_NoResultFound" classname="cz.cvut.kbss.ear.race.service.UserServiceTest" time="0.065"/>
  <testcase name="findUser_foundInDatabase" classname="cz.cvut.kbss.ear.race.service.UserServiceTest" time="0.057"/>
  <testcase name="registerForRace_foundResult" classname="cz.cvut.kbss.ear.race.service.UserServiceTest" time="0.064"/>
  <testcase name="findByUsername_foundInDatabase" classname="cz.cvut.kbss.ear.race.service.UserServiceTest" time="0.067"/>
</testsuite>