<?xml version="1.0" encoding="UTF-8"?>
<testsuite xmlns:xsi="http://www.w3.org/2001/XMLSchema-instance" xsi:noNamespaceSchemaLocation="https://maven.apache.org/surefire/maven-surefire-plugin/xsd/surefire-test-report.xsd" name="cz.cvut.kbss.ear.race.dao.UserDaoTest" time="1.705" tests="2" errors="2" skipped="0" failures="0">
  <properties>
[...]
</properties>
  <testcase name="findByUsernameReturnsPersonWithMatchingUsername" classname="cz.cvut.kbss.ear.race.dao.UserDaoTest" time="0">
    <error message="Failed to load ApplicationContext" type="java.lang.IllegalStateException"><![CDATA[java.lang.IllegalStateException: Failed to load ApplicationContext
Caused by: org.springframework.beans.factory.BeanCreationException: Error creating bean with name 'springSecurityFilterChain' defined in class path resource [org/springframework/security/config/annotation/web/configuration/WebSecurityConfiguration.class]: Bean instantiation via factory method failed; nested exception is org.springframework.beans.BeanInstantiationException: Failed to instantiate [javax.servlet.Filter]: Factory method 'springSecurityFilterChain' threw exception; nested exception is org.springframework.beans.factory.NoSuchBeanDefinitionException: No bean named 'mvcHandlerMappingIntrospector' available: A Bean named mvcHandlerMappingIntrospector of type org.springframework.web.servlet.handler.HandlerMappingIntrospector is required to use MvcRequestMatcher. Please ensure Spring Security & Spring MVC are configured in a shared ApplicationContext.
Caused by: org.springframework.beans.BeanInstantiationException: Failed to instantiate [javax.servlet.Filter]: Factory method 'springSecurityFilterChain' threw exception; nested exception is org.springframework.beans.factory.NoSuchBeanDefinitionException: No bean named 'mvcHandlerMappingIntrospector' available: A Bean named mvcHandlerMappingIntrospector of type org.springframework.web.servlet.handler.HandlerMappingIntrospector is required to use MvcRequestMatcher. Please ensure Spring Security & Spring MVC are configured in a shared ApplicationContext.
Caused by: org.springframework.beans.factory.NoSuchBeanDefinitionException: No bean named 'mvcHandlerMappingIntrospector' available: A Bean named mvcHandlerMappingIntrospector of type org.springframework.web.servlet.handler.HandlerMappingIntrospector is required to use MvcRequestMatcher. Please ensure Spring Security & Spring MVC are configured in a shared ApplicationContext.
]]></error>
    <system-out><![CDATA[
  .   ____          _            __ _ _
 /\\ / ___'_ __ _ _(_)_ __  __ _ \ \ \ \
( ( )\___ | '_ | '_| | '_ \/ _` | \ \ \ \
 \\/  ___)| |_)| | | | | || (_| |  ) ) ) )
  '  |____| .__|_| |_|_| |_\__, | / / / /
 =========|_|==============|___/=/_/_/_/
 :: Spring Boot ::        (v2.3.3.RELEASE)

16-05-2022 13:44:30.746 [main] INFO  c.c.k.ear.race.dao.UserDaoTest - Starting UserDaoTest on DESKTOP-OI8RF7B with PID 18652 (started by prada in E:\School\Bcc\bakalarka\appka\pradaluk)
16-05-2022 13:44:30.746 [main] DEBUG c.c.k.ear.race.dao.UserDaoTest - Running with Spring Boot v2.3.3.RELEASE, Spring v5.2.8.RELEASE
16-05-2022 13:44:30.747 [main] INFO  c.c.k.ear.race.dao.UserDaoTest - No active profile set, falling back to default profiles: default
16-05-2022 13:44:30.811 [main] INFO  o.s.d.r.c.RepositoryConfigurationDelegate - Bootstrapping Spring Data JPA repositories in DEFAULT mode.
16-05-2022 13:44:30.813 [main] INFO  o.s.d.r.c.RepositoryConfigurationDelegate - Finished Spring Data repository scanning in 1ms. Found 0 JPA repository interfaces.
16-05-2022 13:44:30.821 [main] INFO  o.s.b.t.a.j.TestDatabaseAutoConfiguration$EmbeddedDataSourceBeanFactoryPostProcessor - Replacing 'dataSource' DataSource bean with embedded version
16-05-2022 13:44:30.833 [main] INFO  o.s.j.d.e.EmbeddedDatabaseFactory - Starting embedded database: url='jdbc:h2:mem:c9cbcde8-e7ff-471a-8b89-bd349f3ec816;DB_CLOSE_DELAY=-1;DB_CLOSE_ON_EXIT=false', username='sa'
16-05-2022 13:44:30.890 [main] INFO  o.s.o.j.LocalContainerEntityManagerFactoryBean - Initialized JPA EntityManagerFactory for persistence unit 'default'
[EL Info]: 2022-05-16 13:44:31.021--ServerSession(1015543859)--EclipseLink, version: Eclipse Persistence Services - 2.7.7.v20200504-69f2c2b80d
[EL Fine]: sql: 2022-05-16 13:44:31.029--ServerSession(1015543859)--Connection(2076947703)--ALTER TABLE RACE_CAR DROP CONSTRAINT FK_RACE_CAR_OWNER_USER_ID
[EL Fine]: sql: 2022-05-16 13:44:31.029--ServerSession(1015543859)--SELECT 1
[EL Fine]: sql: 2022-05-16 13:44:31.03--ServerSession(1015543859)--Connection(1414422473)--ALTER TABLE joinrequest DROP CONSTRAINT FK_joinrequest_USER_USER_ID
[EL Fine]: sql: 2022-05-16 13:44:31.03--ServerSession(1015543859)--SELECT 1
[EL Fine]: sql: 2022-05-16 13:44:31.03--ServerSession(1015543859)--Connection(497284385)--ALTER TABLE RACE DROP CONSTRAINT FK_RACE_CIRCUIT_ID
[EL Fine]: sql: 2022-05-16 13:44:31.03--ServerSession(1015543859)--SELECT 1
[EL Fine]: sql: 2022-05-16 13:44:31.031--ServerSession(1015543859)--Connection(1251379214)--ALTER TABLE RACE DROP CONSTRAINT FK_RACE_championship_id
[EL Fine]: sql: 2022-05-16 13:44:31.031--ServerSession(1015543859)--SELECT 1
[EL Fine]: sql: 2022-05-16 13:44:31.031--ServerSession(1015543859)--Connection(1241306182)--ALTER TABLE RACE DROP CONSTRAINT FK_RACE_ORGANIZOR_USER_ID
[EL Fine]: sql: 2022-05-16 13:44:31.031--ServerSession(1015543859)--SELECT 1
[EL Fine]: sql: 2022-05-16 13:44:31.031--ServerSession(1015543859)--Connection(1407457179)--ALTER TABLE RESULT DROP CONSTRAINT FK_RESULT_car_id
[EL Fine]: sql: 2022-05-16 13:44:31.031--ServerSession(1015543859)--SELECT 1
[EL Fine]: sql: 2022-05-16 13:44:31.032--ServerSession(1015543859)--Connection(1231146728)--ALTER TABLE RESULT DROP CONSTRAINT FK_RESULT_driver_id
[EL Fine]: sql: 2022-05-16 13:44:31.032--ServerSession(1015543859)--SELECT 1
[EL Fine]: sql: 2022-05-16 13:44:31.032--ServerSession(1015543859)--Connection(1814039253)--ALTER TABLE RESULT DROP CONSTRAINT FK_RESULT_race_id
[EL Fine]: sql: 2022-05-16 13:44:31.032--ServerSession(1015543859)--SELECT 1
[EL Fine]: sql: 2022-05-16 13:44:31.033--ServerSession(1015543859)--Connection(261586719)--ALTER TABLE RACE_TEAM DROP CONSTRAINT FK_RACE_TEAM_owner
[EL Fine]: sql: 2022-05-16 13:44:31.033--ServerSession(1015543859)--SELECT 1
[EL Fine]: sql: 2022-05-16 13:44:31.033--ServerSession(1015543859)--Connection(1001007658)--ALTER TABLE membership DROP CONSTRAINT FK_membership_USER_USER_ID
[EL Fine]: sql: 2022-05-16 13:44:31.033--ServerSession(1015543859)--SELECT 1
[EL Fine]: sql: 2022-05-16 13:44:31.034--ServerSession(1015543859)--Connection(1360780119)--ALTER TABLE membership DROP CONSTRAINT FK_membership_TEAM_ID
[EL Fine]: sql: 2022-05-16 13:44:31.034--ServerSession(1015543859)--SELECT 1
[EL Fine]: sql: 2022-05-16 13:44:31.034--ServerSession(1015543859)--Connection(217765203)--ALTER TABLE race_classes DROP CONSTRAINT FK_race_classes_Race_RACE_ID
[EL Fine]: sql: 2022-05-16 13:44:31.034--ServerSession(1015543859)--SELECT 1
[EL Fine]: sql: 2022-05-16 13:44:31.035--ServerSession(1015543859)--Connection(1940943586)--ALTER TABLE RACE_TEAM_joinrequest DROP CONSTRAINT FK_RACE_TEAM_joinrequest_joinRequests_ID
[EL Fine]: sql: 2022-05-16 13:44:31.035--ServerSession(1015543859)--SELECT 1
[EL Fine]: sql: 2022-05-16 13:44:31.035--ServerSession(1015543859)--Connection(1476339015)--ALTER TABLE RACE_TEAM_joinrequest DROP CONSTRAINT FK_RACE_TEAM_joinrequest_Team_ID
[EL Fine]: sql: 2022-05-16 13:44:31.036--ServerSession(1015543859)--SELECT 1
[EL Fine]: sql: 2022-05-16 13:44:31.036--ServerSession(1015543859)--Connection(514927984)--DROP TABLE RACE_CAR CASCADE
[EL Fine]: sql: 2022-05-16 13:44:31.036--ServerSession(1015543859)--SELECT 1
[EL Fine]: sql: 2022-05-16 13:44:31.037--ServerSession(1015543859)--Connection(780328770)--DROP TABLE CHAMPIONSHIP CASCADE
[EL Fine]: sql: 2022-05-16 13:44:31.037--ServerSession(1015543859)--SELECT 1
[EL Fine]: sql: 2022-05-16 13:44:31.037--ServerSession(1015543859)--Connection(938511658)--DROP TABLE RACE_CIRCUIT CASCADE
[EL Fine]: sql: 2022-05-16 13:44:31.037--ServerSession(1015543859)--SELECT 1
[EL Fine]: sql: 2022-05-16 13:44:31.038--ServerSession(1015543859)--Connection(1073523938)--DROP TABLE joinrequest CASCADE
[EL Fine]: sql: 2022-05-16 13:44:31.038--ServerSession(1015543859)--SELECT 1
[EL Fine]: sql: 2022-05-16 13:44:31.038--ServerSession(1015543859)--Connection(1198986716)--DROP TABLE RACE CASCADE
[EL Fine]: sql: 2022-05-16 13:44:31.038--ServerSession(1015543859)--SELECT 1
[EL Fine]: sql: 2022-05-16 13:44:31.039--ServerSession(1015543859)--Connection(1924945846)--DROP TABLE RESULT CASCADE
[EL Fine]: sql: 2022-05-16 13:44:31.039--ServerSession(1015543859)--SELECT 1
[EL Fine]: sql: 2022-05-16 13:44:31.039--ServerSession(1015543859)--Connection(646758447)--DROP TABLE RACE_TEAM CASCADE
[EL Fine]: sql: 2022-05-16 13:44:31.039--ServerSession(1015543859)--SELECT 1
[EL Fine]: sql: 2022-05-16 13:44:31.04--ServerSession(1015543859)--Connection(1472270945)--DROP TABLE membership CASCADE
[EL Fine]: sql: 2022-05-16 13:44:31.04--ServerSession(1015543859)--SELECT 1
[EL Fine]: sql: 2022-05-16 13:44:31.04--ServerSession(1015543859)--Connection(492114605)--DROP TABLE APP_USER CASCADE
[EL Fine]: sql: 2022-05-16 13:44:31.04--ServerSession(1015543859)--SELECT 1
[EL Fine]: sql: 2022-05-16 13:44:31.041--ServerSession(1015543859)--Connection(602857690)--DROP TABLE race_classes CASCADE
[EL Fine]: sql: 2022-05-16 13:44:31.041--ServerSession(1015543859)--SELECT 1
[EL Fine]: sql: 2022-05-16 13:44:31.041--ServerSession(1015543859)--Connection(1969399067)--DROP TABLE RACE_TEAM_joinrequest CASCADE
[EL Fine]: sql: 2022-05-16 13:44:31.041--ServerSession(1015543859)--SELECT 1
[EL Fine]: sql: 2022-05-16 13:44:31.041--ServerSession(1015543859)--Connection(940847431)--DROP TABLE RACE_CAR CASCADE
[EL Fine]: sql: 2022-05-16 13:44:31.042--ServerSession(1015543859)--SELECT 1
[EL Fine]: sql: 2022-05-16 13:44:31.042--ServerSession(1015543859)--Connection(837231086)--DROP TABLE CHAMPIONSHIP CASCADE
[EL Fine]: sql: 2022-05-16 13:44:31.042--ServerSession(1015543859)--SELECT 1
[EL Fine]: sql: 2022-05-16 13:44:31.042--ServerSession(1015543859)--Connection(1211128066)--DROP TABLE RACE_CIRCUIT CASCADE
[EL Fine]: sql: 2022-05-16 13:44:31.042--ServerSession(1015543859)--SELECT 1
[EL Fine]: sql: 2022-05-16 13:44:31.043--ServerSession(1015543859)--Connection(298299695)--DROP TABLE joinrequest CASCADE
[EL Fine]: sql: 2022-05-16 13:44:31.043--ServerSession(1015543859)--SELECT 1
[EL Fine]: sql: 2022-05-16 13:44:31.043--ServerSession(1015543859)--Connection(1002088829)--DROP TABLE RACE CASCADE
[EL Fine]: sql: 2022-05-16 13:44:31.044--ServerSession(1015543859)--SELECT 1
[EL Fine]: sql: 2022-05-16 13:44:31.044--ServerSession(1015543859)--Connection(28038637)--DROP TABLE RESULT CASCADE
[EL Fine]: sql: 2022-05-16 13:44:31.044--ServerSession(1015543859)--SELECT 1
[EL Fine]: sql: 2022-05-16 13:44:31.044--ServerSession(1015543859)--Connection(1019838038)--DROP TABLE RACE_TEAM CASCADE
[EL Fine]: sql: 2022-05-16 13:44:31.044--ServerSession(1015543859)--SELECT 1
[EL Fine]: sql: 2022-05-16 13:44:31.045--ServerSession(1015543859)--Connection(990992669)--DROP TABLE membership CASCADE
[EL Fine]: sql: 2022-05-16 13:44:31.045--ServerSession(1015543859)--SELECT 1
[EL Fine]: sql: 2022-05-16 13:44:31.045--ServerSession(1015543859)--Connection(1055829714)--DROP TABLE APP_USER CASCADE
[EL Fine]: sql: 2022-05-16 13:44:31.045--ServerSession(1015543859)--SELECT 1
[EL Fine]: sql: 2022-05-16 13:44:31.046--ServerSession(1015543859)--Connection(1672534268)--DROP TABLE race_classes CASCADE
[EL Fine]: sql: 2022-05-16 13:44:31.046--ServerSession(1015543859)--SELECT 1
[EL Fine]: sql: 2022-05-16 13:44:31.046--ServerSession(1015543859)--Connection(360309364)--DROP TABLE RACE_TEAM_joinrequest CASCADE
[EL Fine]: sql: 2022-05-16 13:44:31.046--ServerSession(1015543859)--SELECT 1
[EL Fine]: sql: 2022-05-16 13:44:31.047--ServerSession(1015543859)--Connection(1607292790)--DROP TABLE RACE_CAR CASCADE
[EL Fine]: sql: 2022-05-16 13:44:31.047--ServerSession(1015543859)--SELECT 1
[EL Fine]: sql: 2022-05-16 13:44:31.047--ServerSession(1015543859)--Connection(796207043)--DROP TABLE CHAMPIONSHIP CASCADE
[EL Fine]: sql: 2022-05-16 13:44:31.047--ServerSession(1015543859)--SELECT 1
[EL Fine]: sql: 2022-05-16 13:44:31.047--ServerSession(1015543859)--Connection(1106561889)--DROP TABLE RACE_CIRCUIT CASCADE
[EL Fine]: sql: 2022-05-16 13:44:31.047--ServerSession(1015543859)--SELECT 1
[EL Fine]: sql: 2022-05-16 13:44:31.048--ServerSession(1015543859)--Connection(443044223)--DROP TABLE joinrequest CASCADE
[EL Fine]: sql: 2022-05-16 13:44:31.048--ServerSession(1015543859)--SELECT 1
[EL Fine]: sql: 2022-05-16 13:44:31.048--ServerSession(1015543859)--Connection(1974246249)--DROP TABLE RACE CASCADE
[EL Fine]: sql: 2022-05-16 13:44:31.048--ServerSession(1015543859)--SELECT 1
[EL Fine]: sql: 2022-05-16 13:44:31.049--ServerSession(1015543859)--Connection(1447534419)--DROP TABLE RESULT CASCADE
[EL Fine]: sql: 2022-05-16 13:44:31.049--ServerSession(1015543859)--SELECT 1
[EL Fine]: sql: 2022-05-16 13:44:31.049--ServerSession(1015543859)--Connection(2026535117)--DROP TABLE RACE_TEAM CASCADE
[EL Fine]: sql: 2022-05-16 13:44:31.049--ServerSession(1015543859)--SELECT 1
[EL Fine]: sql: 2022-05-16 13:44:31.049--ServerSession(1015543859)--Connection(1649576797)--DROP TABLE membership CASCADE
[EL Fine]: sql: 2022-05-16 13:44:31.049--ServerSession(1015543859)--SELECT 1
[EL Fine]: sql: 2022-05-16 13:44:31.05--ServerSession(1015543859)--Connection(863183707)--DROP TABLE APP_USER CASCADE
[EL Fine]: sql: 2022-05-16 13:44:31.05--ServerSession(1015543859)--SELECT 1
[EL Fine]: sql: 2022-05-16 13:44:31.05--ServerSession(1015543859)--Connection(1354680828)--DROP TABLE race_classes CASCADE
[EL Fine]: sql: 2022-05-16 13:44:31.05--ServerSession(1015543859)--SELECT 1
[EL Fine]: sql: 2022-05-16 13:44:31.05--ServerSession(1015543859)--Connection(1818241001)--DROP TABLE RACE_TEAM_joinrequest CASCADE
[EL Fine]: sql: 2022-05-16 13:44:31.051--ServerSession(1015543859)--SELECT 1
[EL Fine]: sql: 2022-05-16 13:44:31.051--ServerSession(1015543859)--Connection(1987830810)--DROP TABLE RACE_CAR CASCADE
[EL Fine]: sql: 2022-05-16 13:44:31.051--ServerSession(1015543859)--SELECT 1
[EL Fine]: sql: 2022-05-16 13:44:31.051--ServerSession(1015543859)--Connection(884591658)--DROP TABLE CHAMPIONSHIP CASCADE
[EL Fine]: sql: 2022-05-16 13:44:31.051--ServerSession(1015543859)--SELECT 1
[EL Fine]: sql: 2022-05-16 13:44:31.051--ServerSession(1015543859)--Connection(1456107018)--DROP TABLE RACE_CIRCUIT CASCADE
[EL Fine]: sql: 2022-05-16 13:44:31.052--ServerSession(1015543859)--SELECT 1
[EL Fine]: sql: 2022-05-16 13:44:31.052--ServerSession(1015543859)--Connection(256944579)--DROP TABLE joinrequest CASCADE
[EL Fine]: sql: 2022-05-16 13:44:31.052--ServerSession(1015543859)--SELECT 1
[EL Fine]: sql: 2022-05-16 13:44:31.052--ServerSession(1015543859)--Connection(1892362329)--DROP TABLE RACE CASCADE
[EL Fine]: sql: 2022-05-16 13:44:31.052--ServerSession(1015543859)--SELECT 1
[EL Fine]: sql: 2022-05-16 13:44:31.053--ServerSession(1015543859)--Connection(546468367)--DROP TABLE RESULT CASCADE
[EL Fine]: sql: 2022-05-16 13:44:31.053--ServerSession(1015543859)--SELECT 1
[EL Fine]: sql: 2022-05-16 13:44:31.053--ServerSession(1015543859)--Connection(478086064)--DROP TABLE RACE_TEAM CASCADE
[EL Fine]: sql: 2022-05-16 13:44:31.053--ServerSession(1015543859)--SELECT 1
[EL Fine]: sql: 2022-05-16 13:44:31.053--ServerSession(1015543859)--Connection(766250475)--DROP TABLE membership CASCADE
[EL Fine]: sql: 2022-05-16 13:44:31.053--ServerSession(1015543859)--SELECT 1
[EL Fine]: sql: 2022-05-16 13:44:31.054--ServerSession(1015543859)--Connection(1677556352)--DROP TABLE APP_USER CASCADE
[EL Fine]: sql: 2022-05-16 13:44:31.054--ServerSession(1015543859)--SELECT 1
[EL Fine]: sql: 2022-05-16 13:44:31.054--ServerSession(1015543859)--Connection(1929917247)--DROP TABLE race_classes CASCADE
[EL Fine]: sql: 2022-05-16 13:44:31.054--ServerSession(1015543859)--SELECT 1
[EL Fine]: sql: 2022-05-16 13:44:31.055--ServerSession(1015543859)--Connection(438197067)--DROP TABLE RACE_TEAM_joinrequest CASCADE
[EL Fine]: sql: 2022-05-16 13:44:31.055--ServerSession(1015543859)--SELECT 1
[EL Fine]: sql: 2022-05-16 13:44:31.055--ServerSession(1015543859)--Connection(427459803)--DROP TABLE RACE_CAR CASCADE
[EL Fine]: sql: 2022-05-16 13:44:31.055--ServerSession(1015543859)--SELECT 1
[EL Fine]: sql: 2022-05-16 13:44:31.055--ServerSession(1015543859)--Connection(567637171)--DROP TABLE CHAMPIONSHIP CASCADE
[EL Fine]: sql: 2022-05-16 13:44:31.055--ServerSession(1015543859)--SELECT 1
[EL Fine]: sql: 2022-05-16 13:44:31.056--ServerSession(1015543859)--Connection(2055820606)--DROP TABLE RACE_CIRCUIT CASCADE
[EL Fine]: sql: 2022-05-16 13:44:31.056--ServerSession(1015543859)--SELECT 1
[EL Fine]: sql: 2022-05-16 13:44:31.056--ServerSession(1015543859)--Connection(811033995)--DROP TABLE joinrequest CASCADE
[EL Fine]: sql: 2022-05-16 13:44:31.056--ServerSession(1015543859)--SELECT 1
[EL Fine]: sql: 2022-05-16 13:44:31.057--ServerSession(1015543859)--Connection(361331333)--DROP TABLE RACE CASCADE
[EL Fine]: sql: 2022-05-16 13:44:31.057--ServerSession(1015543859)--SELECT 1
[EL Fine]: sql: 2022-05-16 13:44:31.057--ServerSession(1015543859)--Connection(276321009)--DROP TABLE RESULT CASCADE
[EL Fine]: sql: 2022-05-16 13:44:31.057--ServerSession(1015543859)--SELECT 1
[EL Fine]: sql: 2022-05-16 13:44:31.057--ServerSession(1015543859)--Connection(928891115)--DROP TABLE RACE_TEAM CASCADE
[EL Fine]: sql: 2022-05-16 13:44:31.057--ServerSession(1015543859)--SELECT 1
[EL Fine]: sql: 2022-05-16 13:44:31.058--ServerSession(1015543859)--Connection(1735088744)--DROP TABLE membership CASCADE
[EL Fine]: sql: 2022-05-16 13:44:31.058--ServerSession(1015543859)--SELECT 1
[EL Fine]: sql: 2022-05-16 13:44:31.058--ServerSession(1015543859)--Connection(512908078)--DROP TABLE APP_USER CASCADE
[EL Fine]: sql: 2022-05-16 13:44:31.058--ServerSession(1015543859)--SELECT 1
[EL Fine]: sql: 2022-05-16 13:44:31.058--ServerSession(1015543859)--Connection(454977832)--DROP TABLE race_classes CASCADE
[EL Fine]: sql: 2022-05-16 13:44:31.058--ServerSession(1015543859)--SELECT 1
[EL Fine]: sql: 2022-05-16 13:44:31.059--ServerSession(1015543859)--Connection(1120189978)--DROP TABLE RACE_TEAM_joinrequest CASCADE
[EL Fine]: sql: 2022-05-16 13:44:31.059--ServerSession(1015543859)--SELECT 1
[EL Fine]: sql: 2022-05-16 13:44:31.059--ServerSession(1015543859)--Connection(1285415141)--CREATE TABLE RACE_CAR (ID INTEGER NOT NULL, CARCLASS VARCHAR(255) NOT NULL, MAKER VARCHAR(255) NOT NULL, MODEL VARCHAR(255) NOT NULL, OWNER_USER_ID INTEGER, PRIMARY KEY (ID))
[EL Fine]: sql: 2022-05-16 13:44:31.06--ServerSession(1015543859)--Connection(1405183692)--CREATE TABLE CHAMPIONSHIP (ID INTEGER NOT NULL, NAME VARCHAR(255) NOT NULL UNIQUE, PRIMARY KEY (ID))
[EL Fine]: sql: 2022-05-16 13:44:31.06--ServerSession(1015543859)--Connection(1808343838)--CREATE TABLE RACE_CIRCUIT (ID INTEGER NOT NULL, LOCATION VARCHAR(255) NOT NULL, NAME VARCHAR(255) NOT NULL UNIQUE, PRIMARY KEY (ID))
[EL Fine]: sql: 2022-05-16 13:44:31.061--ServerSession(1015543859)--Connection(783157167)--CREATE TABLE joinrequest (ID INTEGER NOT NULL, DATETIMECREATED TIMESTAMP NOT NULL, DATETIMERESOLVED TIMESTAMP, MESSAGE VARCHAR(255), STATUS VARCHAR(255), USER_USER_ID INTEGER NOT NULL, PRIMARY KEY (ID))
[EL Fine]: sql: 2022-05-16 13:44:31.062--ServerSession(1015543859)--Connection(1457170787)--CREATE TABLE RACE (RACE_ID INTEGER NOT NULL, EOR_DATE date, MAXDRIVERS INTEGER NOT NULL, NAME VARCHAR(255) NOT NULL, RACE_DATE date, CIRCUIT_ID INTEGER, ORGANIZOR_USER_ID INTEGER, championship_id INTEGER, PRIMARY KEY (RACE_ID))
[EL Fine]: sql: 2022-05-16 13:44:31.063--ServerSession(1015543859)--Connection(2081527003)--CREATE TABLE RESULT (FINISHPOS INTEGER, STARTPOS INTEGER, driver_id INTEGER NOT NULL, race_id INTEGER NOT NULL, car_id INTEGER, PRIMARY KEY (driver_id, race_id))
[EL Fine]: sql: 2022-05-16 13:44:31.063--ServerSession(1015543859)--Connection(2016448708)--CREATE TABLE RACE_TEAM (ID INTEGER NOT NULL, NAME VARCHAR(255) NOT NULL UNIQUE, owner INTEGER, PRIMARY KEY (ID))
[EL Fine]: sql: 2022-05-16 13:44:31.064--ServerSession(1015543859)--Connection(1225561793)--CREATE TABLE membership (MEMBERSHIPSTATE VARCHAR(255), ROLE VARCHAR(255), TEAM_ID INTEGER NOT NULL, USER_USER_ID INTEGER NOT NULL, PRIMARY KEY (TEAM_ID, USER_USER_ID))
[EL Fine]: sql: 2022-05-16 13:44:31.065--ServerSession(1015543859)--Connection(1042007171)--CREATE TABLE APP_USER (USER_ID INTEGER NOT NULL, AGE INTEGER NOT NULL, EMAIL VARCHAR(255) NOT NULL, FIRSTNAME VARCHAR(255) NOT NULL, LASTNAME VARCHAR(255) NOT NULL, PASSWORD VARCHAR(255) NOT NULL, ROLE VARCHAR(255), USERNAME VARCHAR(255) NOT NULL UNIQUE, PRIMARY KEY (USER_ID))
[EL Fine]: sql: 2022-05-16 13:44:31.066--ServerSession(1015543859)--Connection(269516680)--CREATE TABLE race_classes (Race_RACE_ID INTEGER, classes VARCHAR(255) NOT NULL)
[EL Fine]: sql: 2022-05-16 13:44:31.066--ServerSession(1015543859)--Connection(748078288)--CREATE TABLE RACE_TEAM_joinrequest (Team_ID INTEGER NOT NULL, joinRequests_ID INTEGER NOT NULL, PRIMARY KEY (Team_ID, joinRequests_ID))
[EL Fine]: sql: 2022-05-16 13:44:31.067--ServerSession(1015543859)--Connection(1249154695)--ALTER TABLE RACE_CAR ADD CONSTRAINT FK_RACE_CAR_OWNER_USER_ID FOREIGN KEY (OWNER_USER_ID) REFERENCES APP_USER (USER_ID)
[EL Fine]: sql: 2022-05-16 13:44:31.068--ServerSession(1015543859)--Connection(1888221386)--ALTER TABLE joinrequest ADD CONSTRAINT FK_joinrequest_USER_USER_ID FOREIGN KEY (USER_USER_ID) REFERENCES APP_USER (USER_ID)
[EL Fine]: sql: 2022-05-16 13:44:31.069--ServerSession(1015543859)--Connection(602081724)--ALTER TABLE RACE ADD CONSTRAINT FK_RACE_CIRCUIT_ID FOREIGN KEY (CIRCUIT_ID) REFERENCES RACE_CIRCUIT (ID)
[EL Fine]: sql: 2022-05-16 13:44:31.069--ServerSession(1015543859)--Connection(320449846)--ALTER TABLE RACE ADD CONSTRAINT FK_RACE_championship_id FOREIGN KEY (championship_id) REFERENCES CHAMPIONSHIP (ID)
[EL Fine]: sql: 2022-05-16 13:44:31.07--ServerSession(1015543859)--Connection(498260137)--ALTER TABLE RACE ADD CONSTRAINT FK_RACE_ORGANIZOR_USER_ID FOREIGN KEY (ORGANIZOR_USER_ID) REFERENCES APP_USER (USER_ID)
[EL Fine]: sql: 2022-05-16 13:44:31.071--ServerSession(1015543859)--Connection(2032911342)--ALTER TABLE RESULT ADD CONSTRAINT FK_RESULT_car_id FOREIGN KEY (car_id) REFERENCES RACE_CAR (ID)
[EL Fine]: sql: 2022-05-16 13:44:31.072--ServerSession(1015543859)--Connection(619097308)--ALTER TABLE RESULT ADD CONSTRAINT FK_RESULT_driver_id FOREIGN KEY (driver_id) REFERENCES APP_USER (USER_ID)
[EL Fine]: sql: 2022-05-16 13:44:31.073--ServerSession(1015543859)--Connection(2091545592)--ALTER TABLE RESULT ADD CONSTRAINT FK_RESULT_race_id FOREIGN KEY (race_id) REFERENCES RACE (RACE_ID)
[EL Fine]: sql: 2022-05-16 13:44:31.074--ServerSession(1015543859)--Connection(1001907333)--ALTER TABLE RACE_TEAM ADD CONSTRAINT FK_RACE_TEAM_owner FOREIGN KEY (owner) REFERENCES APP_USER (USER_ID)
[EL Fine]: sql: 2022-05-16 13:44:31.075--ServerSession(1015543859)--Connection(69288059)--ALTER TABLE membership ADD CONSTRAINT FK_membership_USER_USER_ID FOREIGN KEY (USER_USER_ID) REFERENCES APP_USER (USER_ID)
[EL Fine]: sql: 2022-05-16 13:44:31.076--ServerSession(1015543859)--Connection(1398332319)--ALTER TABLE membership ADD CONSTRAINT FK_membership_TEAM_ID FOREIGN KEY (TEAM_ID) REFERENCES RACE_TEAM (ID)
[EL Fine]: sql: 2022-05-16 13:44:31.077--ServerSession(1015543859)--Connection(1596016510)--ALTER TABLE race_classes ADD CONSTRAINT FK_race_classes_Race_RACE_ID FOREIGN KEY (Race_RACE_ID) REFERENCES RACE (RACE_ID)
[EL Fine]: sql: 2022-05-16 13:44:31.078--ServerSession(1015543859)--Connection(559756684)--ALTER TABLE RACE_TEAM_joinrequest ADD CONSTRAINT FK_RACE_TEAM_joinrequest_joinRequests_ID FOREIGN KEY (joinRequests_ID) REFERENCES joinrequest (ID)
[EL Fine]: sql: 2022-05-16 13:44:31.079--ServerSession(1015543859)--Connection(421106990)--ALTER TABLE RACE_TEAM_joinrequest ADD CONSTRAINT FK_RACE_TEAM_joinrequest_Team_ID FOREIGN KEY (Team_ID) REFERENCES RACE_TEAM (ID)
[EL Fine]: sql: 2022-05-16 13:44:31.08--ServerSession(1015543859)--Connection(2784778)--CREATE TABLE SEQUENCE (SEQ_NAME VARCHAR(50) NOT NULL, SEQ_COUNT DECIMAL(38), PRIMARY KEY (SEQ_NAME))
[EL Fine]: sql: 2022-05-16 13:44:31.081--ServerSession(1015543859)--Connection(625411448)--DELETE FROM SEQUENCE WHERE SEQ_NAME = 'SEQ_GEN'
[EL Fine]: sql: 2022-05-16 13:44:31.081--ServerSession(1015543859)--Connection(1143725929)--SELECT * FROM SEQUENCE WHERE SEQ_NAME = 'SEQ_GEN'
[EL Fine]: sql: 2022-05-16 13:44:31.082--ServerSession(1015543859)--Connection(436852846)--INSERT INTO SEQUENCE(SEQ_NAME, SEQ_COUNT) values ('SEQ_GEN', 0)
[EL Fine]: sql: 2022-05-16 13:44:31.085--ClientSession(919818795)--Connection(2117829242)--SELECT USER_ID, AGE, EMAIL, FIRSTNAME, LASTNAME, PASSWORD, ROLE, USERNAME FROM APP_USER WHERE (USERNAME = ?)
	bind => [admin]
16-05-2022 13:44:31.085 [main] INFO  c.c.k.e.r.s.SystemInitializer - Generated admin user with credentials admin/adm1n
[EL Fine]: sql: 2022-05-16 13:44:31.138--ClientSession(919818795)--Connection(2117829242)--UPDATE SEQUENCE SET SEQ_COUNT = SEQ_COUNT + ? WHERE SEQ_NAME = ?
	bind => [50, SEQ_GEN]
[EL Fine]: sql: 2022-05-16 13:44:31.139--ClientSession(919818795)--Connection(2117829242)--SELECT SEQ_COUNT FROM SEQUENCE WHERE SEQ_NAME = ?
	bind => [SEQ_GEN]
[EL Fine]: sql: 2022-05-16 13:44:31.139--ClientSession(919818795)--Connection(2117829242)--INSERT INTO APP_USER (USER_ID, AGE, EMAIL, FIRSTNAME, LASTNAME, PASSWORD, ROLE, USERNAME) VALUES (?, ?, ?, ?, ?, ?, ?, ?)
	bind => [1, 0, none, System, Administrator, $2a$10$V3Q95iS3TdwWznDZrHnN4u9soudJMOtFtZEe1fj47L6RX1VkAg24O, ADMIN, admin]
16-05-2022 13:44:31.161 [main] INFO  o.s.s.w.DefaultSecurityFilterChain - Creating filter chain: Ant [pattern='/'], []
16-05-2022 13:44:31.161 [main] INFO  o.s.s.w.DefaultSecurityFilterChain - Creating filter chain: Ant [pattern='/login'], []
16-05-2022 13:44:31.189 [main] WARN  o.s.c.a.AnnotationConfigApplicationContext - Exception encountered during context initialization - cancelling refresh attempt: org.springframework.beans.factory.BeanCreationException: Error creating bean with name 'springSecurityFilterChain' defined in class path resource [org/springframework/security/config/annotation/web/configuration/WebSecurityConfiguration.class]: Bean instantiation via factory method failed; nested exception is org.springframework.beans.BeanInstantiationException: Failed to instantiate [javax.servlet.Filter]: Factory method 'springSecurityFilterChain' threw exception; nested exception is org.springframework.beans.factory.NoSuchBeanDefinitionException: No bean named 'mvcHandlerMappingIntrospector' available: A Bean named mvcHandlerMappingIntrospector of type org.springframework.web.servlet.handler.HandlerMappingIntrospector is required to use MvcRequestMatcher. Please ensure Spring Security & Spring MVC are configured in a shared ApplicationContext.
16-05-2022 13:44:31.190 [main] INFO  o.s.o.j.LocalContainerEntityManagerFactoryBean - Closing JPA EntityManagerFactory for persistence unit 'default'
16-05-2022 13:44:31.191 [main] INFO  o.s.b.a.l.ConditionEvaluationReportLoggingListener - 

Error starting ApplicationContext. To display the conditions report re-run your application with 'debug' enabled.
16-05-2022 13:44:31.197 [main] ERROR o.s.b.d.LoggingFailureAnalysisReporter - 

***************************
APPLICATION FAILED TO START
***************************

Description:

Method springSecurityFilterChain in org.springframework.security.config.annotation.web.configuration.WebSecurityConfiguration required a bean named 'mvcHandlerMappingIntrospector' that could not be found.


Action:

Consider defining a bean named 'mvcHandlerMappingIntrospector' in your configuration.


  .   ____          _            __ _ _
 /\\ / ___'_ __ _ _(_)_ __  __ _ \ \ \ \
( ( )\___ | '_ | '_| | '_ \/ _` | \ \ \ \
 \\/  ___)| |_)| | | | | || (_| |  ) ) ) )
  '  |____| .__|_| |_|_| |_\__, | / / / /
 =========|_|==============|___/=/_/_/_/
 :: Spring Boot ::        (v2.3.3.RELEASE)

16-05-2022 13:44:31.215 [main] INFO  c.c.k.ear.race.dao.UserDaoTest - Starting UserDaoTest on DESKTOP-OI8RF7B with PID 18652 (started by prada in E:\School\Bcc\bakalarka\appka\pradaluk)
16-05-2022 13:44:31.215 [main] DEBUG c.c.k.ear.race.dao.UserDaoTest - Running with Spring Boot v2.3.3.RELEASE, Spring v5.2.8.RELEASE
16-05-2022 13:44:31.215 [main] INFO  c.c.k.ear.race.dao.UserDaoTest - No active profile set, falling back to default profiles: default
16-05-2022 13:44:31.285 [main] INFO  o.s.d.r.c.RepositoryConfigurationDelegate - Bootstrapping Spring Data JPA repositories in DEFAULT mode.
16-05-2022 13:44:31.287 [main] INFO  o.s.d.r.c.RepositoryConfigurationDelegate - Finished Spring Data repository scanning in 1ms. Found 0 JPA repository interfaces.
16-05-2022 13:44:31.295 [main] INFO  o.s.b.t.a.j.TestDatabaseAutoConfiguration$EmbeddedDataSourceBeanFactoryPostProcessor - Replacing 'dataSource' DataSource bean with embedded version
16-05-2022 13:44:31.305 [main] INFO  o.s.j.d.e.EmbeddedDatabaseFactory - Starting embedded database: url='jdbc:h2:mem:110a8f4f-0823-4604-8a06-0d70d5404a73;DB_CLOSE_DELAY=-1;DB_CLOSE_ON_EXIT=false', username='sa'
16-05-2022 13:44:31.359 [main] INFO  o.s.o.j.LocalContainerEntityManagerFactoryBean - Initialized JPA EntityManagerFactory for persistence unit 'default'
[EL Info]: 2022-05-16 13:44:31.436--ServerSession(1405755905)--EclipseLink, version: Eclipse Persistence Services - 2.7.7.v20200504-69f2c2b80d
[EL Fine]: sql: 2022-05-16 13:44:31.444--ServerSession(1405755905)--Connection(436595683)--ALTER TABLE RACE_CAR DROP CONSTRAINT FK_RACE_CAR_OWNER_USER_ID
[EL Fine]: sql: 2022-05-16 13:44:31.444--ServerSession(1405755905)--SELECT 1
[EL Fine]: sql: 2022-05-16 13:44:31.445--ServerSession(1405755905)--Connection(1565666643)--ALTER TABLE joinrequest DROP CONSTRAINT FK_joinrequest_USER_USER_ID
[EL Fine]: sql: 2022-05-16 13:44:31.445--ServerSession(1405755905)--SELECT 1
[EL Fine]: sql: 2022-05-16 13:44:31.445--ServerSession(1405755905)--Connection(269960063)--ALTER TABLE RACE DROP CONSTRAINT FK_RACE_CIRCUIT_ID
[EL Fine]: sql: 2022-05-16 13:44:31.445--ServerSession(1405755905)--SELECT 1
[EL Fine]: sql: 2022-05-16 13:44:31.446--ServerSession(1405755905)--Connection(273791087)--ALTER TABLE RACE DROP CONSTRAINT FK_RACE_championship_id
[EL Fine]: sql: 2022-05-16 13:44:31.446--ServerSession(1405755905)--SELECT 1
[EL Fine]: sql: 2022-05-16 13:44:31.446--ServerSession(1405755905)--Connection(250652885)--ALTER TABLE RACE DROP CONSTRAINT FK_RACE_ORGANIZOR_USER_ID
[EL Fine]: sql: 2022-05-16 13:44:31.446--ServerSession(1405755905)--SELECT 1
[EL Fine]: sql: 2022-05-16 13:44:31.446--ServerSession(1405755905)--Connection(2104656938)--ALTER TABLE RESULT DROP CONSTRAINT FK_RESULT_car_id
[EL Fine]: sql: 2022-05-16 13:44:31.446--ServerSession(1405755905)--SELECT 1
[EL Fine]: sql: 2022-05-16 13:44:31.447--ServerSession(1405755905)--Connection(813630278)--ALTER TABLE RESULT DROP CONSTRAINT FK_RESULT_driver_id
[EL Fine]: sql: 2022-05-16 13:44:31.447--ServerSession(1405755905)--SELECT 1
[EL Fine]: sql: 2022-05-16 13:44:31.447--ServerSession(1405755905)--Connection(1177134883)--ALTER TABLE RESULT DROP CONSTRAINT FK_RESULT_race_id
[EL Fine]: sql: 2022-05-16 13:44:31.447--ServerSession(1405755905)--SELECT 1
[EL Fine]: sql: 2022-05-16 13:44:31.447--ServerSession(1405755905)--Connection(1362065408)--ALTER TABLE RACE_TEAM DROP CONSTRAINT FK_RACE_TEAM_owner
[EL Fine]: sql: 2022-05-16 13:44:31.447--ServerSession(1405755905)--SELECT 1
[EL Fine]: sql: 2022-05-16 13:44:31.448--ServerSession(1405755905)--Connection(76887131)--ALTER TABLE membership DROP CONSTRAINT FK_membership_USER_USER_ID
[EL Fine]: sql: 2022-05-16 13:44:31.448--ServerSession(1405755905)--SELECT 1
[EL Fine]: sql: 2022-05-16 13:44:31.448--ServerSession(1405755905)--Connection(176216723)--ALTER TABLE membership DROP CONSTRAINT FK_membership_TEAM_ID
[EL Fine]: sql: 2022-05-16 13:44:31.448--ServerSession(1405755905)--SELECT 1
[EL Fine]: sql: 2022-05-16 13:44:31.448--ServerSession(1405755905)--Connection(1973846679)--ALTER TABLE race_classes DROP CONSTRAINT FK_race_classes_Race_RACE_ID
[EL Fine]: sql: 2022-05-16 13:44:31.448--ServerSession(1405755905)--SELECT 1
[EL Fine]: sql: 2022-05-16 13:44:31.449--ServerSession(1405755905)--Connection(1704414028)--ALTER TABLE RACE_TEAM_joinrequest DROP CONSTRAINT FK_RACE_TEAM_joinrequest_joinRequests_ID
[EL Fine]: sql: 2022-05-16 13:44:31.449--ServerSession(1405755905)--SELECT 1
[EL Fine]: sql: 2022-05-16 13:44:31.449--ServerSession(1405755905)--Connection(574355826)--ALTER TABLE RACE_TEAM_joinrequest DROP CONSTRAINT FK_RACE_TEAM_joinrequest_Team_ID
[EL Fine]: sql: 2022-05-16 13:44:31.449--ServerSession(1405755905)--SELECT 1
[EL Fine]: sql: 2022-05-16 13:44:31.449--ServerSession(1405755905)--Connection(1360663522)--DROP TABLE RACE_CAR CASCADE
[EL Fine]: sql: 2022-05-16 13:44:31.45--ServerSession(1405755905)--SELECT 1
[EL Fine]: sql: 2022-05-16 13:44:31.45--ServerSession(1405755905)--Connection(1222304013)--DROP TABLE CHAMPIONSHIP CASCADE
[EL Fine]: sql: 2022-05-16 13:44:31.45--ServerSession(1405755905)--SELECT 1
[EL Fine]: sql: 2022-05-16 13:44:31.45--ServerSession(1405755905)--Connection(1333060889)--DROP TABLE RACE_CIRCUIT CASCADE
[EL Fine]: sql: 2022-05-16 13:44:31.45--ServerSession(1405755905)--SELECT 1
[EL Fine]: sql: 2022-05-16 13:44:31.451--ServerSession(1405755905)--Connection(1256666192)--DROP TABLE joinrequest CASCADE
[EL Fine]: sql: 2022-05-16 13:44:31.451--ServerSession(1405755905)--SELECT 1
[EL Fine]: sql: 2022-05-16 13:44:31.451--ServerSession(1405755905)--Connection(130850920)--DROP TABLE RACE CASCADE
[EL Fine]: sql: 2022-05-16 13:44:31.451--ServerSession(1405755905)--SELECT 1
[EL Fine]: sql: 2022-05-16 13:44:31.451--ServerSession(1405755905)--Connection(340625531)--DROP TABLE RESULT CASCADE
[EL Fine]: sql: 2022-05-16 13:44:31.451--ServerSession(1405755905)--SELECT 1
[EL Fine]: sql: 2022-05-16 13:44:31.451--ServerSession(1405755905)--Connection(453399155)--DROP TABLE RACE_TEAM CASCADE
[EL Fine]: sql: 2022-05-16 13:44:31.452--ServerSession(1405755905)--SELECT 1
[EL Fine]: sql: 2022-05-16 13:44:31.452--ServerSession(1405755905)--Connection(2039443977)--DROP TABLE membership CASCADE
[EL Fine]: sql: 2022-05-16 13:44:31.452--ServerSession(1405755905)--SELECT 1
[EL Fine]: sql: 2022-05-16 13:44:31.452--ServerSession(1405755905)--Connection(1722724135)--DROP TABLE APP_USER CASCADE
[EL Fine]: sql: 2022-05-16 13:44:31.452--ServerSession(1405755905)--SELECT 1
[EL Fine]: sql: 2022-05-16 13:44:31.452--ServerSession(1405755905)--Connection(1427068633)--DROP TABLE race_classes CASCADE
[EL Fine]: sql: 2022-05-16 13:44:31.453--ServerSession(1405755905)--SELECT 1
[EL Fine]: sql: 2022-05-16 13:44:31.453--ServerSession(1405755905)--Connection(2064747923)--DROP TABLE RACE_TEAM_joinrequest CASCADE
[EL Fine]: sql: 2022-05-16 13:44:31.453--ServerSession(1405755905)--SELECT 1
[EL Fine]: sql: 2022-05-16 13:44:31.453--ServerSession(1405755905)--Connection(1081238725)--DROP TABLE RACE_CAR CASCADE
[EL Fine]: sql: 2022-05-16 13:44:31.453--ServerSession(1405755905)--SELECT 1
[EL Fine]: sql: 2022-05-16 13:44:31.453--ServerSession(1405755905)--Connection(907196858)--DROP TABLE CHAMPIONSHIP CASCADE
[EL Fine]: sql: 2022-05-16 13:44:31.454--ServerSession(1405755905)--SELECT 1
[EL Fine]: sql: 2022-05-16 13:44:31.454--ServerSession(1405755905)--Connection(292088065)--DROP TABLE RACE_CIRCUIT CASCADE
[EL Fine]: sql: 2022-05-16 13:44:31.454--ServerSession(1405755905)--SELECT 1
[EL Fine]: sql: 2022-05-16 13:44:31.454--ServerSession(1405755905)--Connection(687284050)--DROP TABLE joinrequest CASCADE
[EL Fine]: sql: 2022-05-16 13:44:31.454--ServerSession(1405755905)--SELECT 1
[EL Fine]: sql: 2022-05-16 13:44:31.454--ServerSession(1405755905)--Connection(581129294)--DROP TABLE RACE CASCADE
[EL Fine]: sql: 2022-05-16 13:44:31.454--ServerSession(1405755905)--SELECT 1
[EL Fine]: sql: 2022-05-16 13:44:31.455--ServerSession(1405755905)--Connection(2014521945)--DROP TABLE RESULT CASCADE
[EL Fine]: sql: 2022-05-16 13:44:31.455--ServerSession(1405755905)--SELECT 1
[EL Fine]: sql: 2022-05-16 13:44:31.455--ServerSession(1405755905)--Connection(1469829005)--DROP TABLE RACE_TEAM CASCADE
[EL Fine]: sql: 2022-05-16 13:44:31.455--ServerSession(1405755905)--SELECT 1
[EL Fine]: sql: 2022-05-16 13:44:31.455--ServerSession(1405755905)--Connection(337924960)--DROP TABLE membership CASCADE
[EL Fine]: sql: 2022-05-16 13:44:31.455--ServerSession(1405755905)--SELECT 1
[EL Fine]: sql: 2022-05-16 13:44:31.456--ServerSession(1405755905)--Connection(1343736153)--DROP TABLE APP_USER CASCADE
[EL Fine]: sql: 2022-05-16 13:44:31.456--ServerSession(1405755905)--SELECT 1
[EL Fine]: sql: 2022-05-16 13:44:31.456--ServerSession(1405755905)--Connection(152082347)--DROP TABLE race_classes CASCADE
[EL Fine]: sql: 2022-05-16 13:44:31.456--ServerSession(1405755905)--SELECT 1
[EL Fine]: sql: 2022-05-16 13:44:31.456--ServerSession(1405755905)--Connection(1734464266)--DROP TABLE RACE_TEAM_joinrequest CASCADE
[EL Fine]: sql: 2022-05-16 13:44:31.456--ServerSession(1405755905)--SELECT 1
[EL Fine]: sql: 2022-05-16 13:44:31.457--ServerSession(1405755905)--Connection(1770482014)--DROP TABLE RACE_CAR CASCADE
[EL Fine]: sql: 2022-05-16 13:44:31.457--ServerSession(1405755905)--SELECT 1
[EL Fine]: sql: 2022-05-16 13:44:31.457--ServerSession(1405755905)--Connection(483474087)--DROP TABLE CHAMPIONSHIP CASCADE
[EL Fine]: sql: 2022-05-16 13:44:31.457--ServerSession(1405755905)--SELECT 1
[EL Fine]: sql: 2022-05-16 13:44:31.457--ServerSession(1405755905)--Connection(2041764260)--DROP TABLE RACE_CIRCUIT CASCADE
[EL Fine]: sql: 2022-05-16 13:44:31.458--ServerSession(1405755905)--SELECT 1
[EL Fine]: sql: 2022-05-16 13:44:31.458--ServerSession(1405755905)--Connection(385476755)--DROP TABLE joinrequest CASCADE
[EL Fine]: sql: 2022-05-16 13:44:31.458--ServerSession(1405755905)--SELECT 1
[EL Fine]: sql: 2022-05-16 13:44:31.458--ServerSession(1405755905)--Connection(606501249)--DROP TABLE RACE CASCADE
[EL Fine]: sql: 2022-05-16 13:44:31.458--ServerSession(1405755905)--SELECT 1
[EL Fine]: sql: 2022-05-16 13:44:31.459--ServerSession(1405755905)--Connection(164432006)--DROP TABLE RESULT CASCADE
[EL Fine]: sql: 2022-05-16 13:44:31.459--ServerSession(1405755905)--SELECT 1
[EL Fine]: sql: 2022-05-16 13:44:31.459--ServerSession(1405755905)--Connection(1936997405)--DROP TABLE RACE_TEAM CASCADE
[EL Fine]: sql: 2022-05-16 13:44:31.459--ServerSession(1405755905)--SELECT 1
[EL Fine]: sql: 2022-05-16 13:44:31.459--ServerSession(1405755905)--Connection(344084204)--DROP TABLE membership CASCADE
[EL Fine]: sql: 2022-05-16 13:44:31.459--ServerSession(1405755905)--SELECT 1
[EL Fine]: sql: 2022-05-16 13:44:31.46--ServerSession(1405755905)--Connection(444045287)--DROP TABLE APP_USER CASCADE
[EL Fine]: sql: 2022-05-16 13:44:31.46--ServerSession(1405755905)--SELECT 1
[EL Fine]: sql: 2022-05-16 13:44:31.46--ServerSession(1405755905)--Connection(1303263564)--DROP TABLE race_classes CASCADE
[EL Fine]: sql: 2022-05-16 13:44:31.46--ServerSession(1405755905)--SELECT 1
[EL Fine]: sql: 2022-05-16 13:44:31.461--ServerSession(1405755905)--Connection(896351718)--DROP TABLE RACE_TEAM_joinrequest CASCADE
[EL Fine]: sql: 2022-05-16 13:44:31.461--ServerSession(1405755905)--SELECT 1
[EL Fine]: sql: 2022-05-16 13:44:31.461--ServerSession(1405755905)--Connection(1021912893)--DROP TABLE RACE_CAR CASCADE
[EL Fine]: sql: 2022-05-16 13:44:31.461--ServerSession(1405755905)--SELECT 1
[EL Fine]: sql: 2022-05-16 13:44:31.461--ServerSession(1405755905)--Connection(754304724)--DROP TABLE CHAMPIONSHIP CASCADE
[EL Fine]: sql: 2022-05-16 13:44:31.461--ServerSession(1405755905)--SELECT 1
[EL Fine]: sql: 2022-05-16 13:44:31.462--ServerSession(1405755905)--Connection(1334677817)--DROP TABLE RACE_CIRCUIT CASCADE
[EL Fine]: sql: 2022-05-16 13:44:31.462--ServerSession(1405755905)--SELECT 1
[EL Fine]: sql: 2022-05-16 13:44:31.462--ServerSession(1405755905)--Connection(286014352)--DROP TABLE joinrequest CASCADE
[EL Fine]: sql: 2022-05-16 13:44:31.462--ServerSession(1405755905)--SELECT 1
[EL Fine]: sql: 2022-05-16 13:44:31.462--ServerSession(1405755905)--Connection(944460565)--DROP TABLE RACE CASCADE
[EL Fine]: sql: 2022-05-16 13:44:31.463--ServerSession(1405755905)--SELECT 1
[EL Fine]: sql: 2022-05-16 13:44:31.463--ServerSession(1405755905)--Connection(989107093)--DROP TABLE RESULT CASCADE
[EL Fine]: sql: 2022-05-16 13:44:31.463--ServerSession(1405755905)--SELECT 1
[EL Fine]: sql: 2022-05-16 13:44:31.463--ServerSession(1405755905)--Connection(313189197)--DROP TABLE RACE_TEAM CASCADE
[EL Fine]: sql: 2022-05-16 13:44:31.463--ServerSession(1405755905)--SELECT 1
[EL Fine]: sql: 2022-05-16 13:44:31.463--ServerSession(1405755905)--Connection(27759866)--DROP TABLE membership CASCADE
[EL Fine]: sql: 2022-05-16 13:44:31.464--ServerSession(1405755905)--SELECT 1
[EL Fine]: sql: 2022-05-16 13:44:31.464--ServerSession(1405755905)--Connection(1022499703)--DROP TABLE APP_USER CASCADE
[EL Fine]: sql: 2022-05-16 13:44:31.464--ServerSession(1405755905)--SELECT 1
[EL Fine]: sql: 2022-05-16 13:44:31.464--ServerSession(1405755905)--Connection(1788692709)--DROP TABLE race_classes CASCADE
[EL Fine]: sql: 2022-05-16 13:44:31.464--ServerSession(1405755905)--SELECT 1
[EL Fine]: sql: 2022-05-16 13:44:31.464--ServerSession(1405755905)--Connection(1237463271)--DROP TABLE RACE_TEAM_joinrequest CASCADE
[EL Fine]: sql: 2022-05-16 13:44:31.464--ServerSession(1405755905)--SELECT 1
[EL Fine]: sql: 2022-05-16 13:44:31.465--ServerSession(1405755905)--Connection(92900199)--DROP TABLE RACE_CAR CASCADE
[EL Fine]: sql: 2022-05-16 13:44:31.465--ServerSession(1405755905)--SELECT 1
[EL Fine]: sql: 2022-05-16 13:44:31.465--ServerSession(1405755905)--Connection(1145232723)--DROP TABLE CHAMPIONSHIP CASCADE
[EL Fine]: sql: 2022-05-16 13:44:31.465--ServerSession(1405755905)--SELECT 1
[EL Fine]: sql: 2022-05-16 13:44:31.465--ServerSession(1405755905)--Connection(2054484813)--DROP TABLE RACE_CIRCUIT CASCADE
[EL Fine]: sql: 2022-05-16 13:44:31.465--ServerSession(1405755905)--SELECT 1
[EL Fine]: sql: 2022-05-16 13:44:31.466--ServerSession(1405755905)--Connection(571365828)--DROP TABLE joinrequest CASCADE
[EL Fine]: sql: 2022-05-16 13:44:31.466--ServerSession(1405755905)--SELECT 1
[EL Fine]: sql: 2022-05-16 13:44:31.466--ServerSession(1405755905)--Connection(1988865066)--DROP TABLE RACE CASCADE
[EL Fine]: sql: 2022-05-16 13:44:31.466--ServerSession(1405755905)--SELECT 1
[EL Fine]: sql: 2022-05-16 13:44:31.466--ServerSession(1405755905)--Connection(199896360)--DROP TABLE RESULT CASCADE
[EL Fine]: sql: 2022-05-16 13:44:31.467--ServerSession(1405755905)--SELECT 1
[EL Fine]: sql: 2022-05-16 13:44:31.467--ServerSession(1405755905)--Connection(2093473343)--DROP TABLE RACE_TEAM CASCADE
[EL Fine]: sql: 2022-05-16 13:44:31.467--ServerSession(1405755905)--SELECT 1
[EL Fine]: sql: 2022-05-16 13:44:31.467--ServerSession(1405755905)--Connection(659771908)--DROP TABLE membership CASCADE
[EL Fine]: sql: 2022-05-16 13:44:31.467--ServerSession(1405755905)--SELECT 1
[EL Fine]: sql: 2022-05-16 13:44:31.468--ServerSession(1405755905)--Connection(707086506)--DROP TABLE APP_USER CASCADE
[EL Fine]: sql: 2022-05-16 13:44:31.468--ServerSession(1405755905)--SELECT 1
[EL Fine]: sql: 2022-05-16 13:44:31.468--ServerSession(1405755905)--Connection(1981765778)--DROP TABLE race_classes CASCADE
[EL Fine]: sql: 2022-05-16 13:44:31.468--ServerSession(1405755905)--SELECT 1
[EL Fine]: sql: 2022-05-16 13:44:31.468--ServerSession(1405755905)--Connection(1383293795)--DROP TABLE RACE_TEAM_joinrequest CASCADE
[EL Fine]: sql: 2022-05-16 13:44:31.469--ServerSession(1405755905)--SELECT 1
[EL Fine]: sql: 2022-05-16 13:44:31.469--ServerSession(1405755905)--Connection(784904889)--CREATE TABLE RACE_CAR (ID INTEGER NOT NULL, CARCLASS VARCHAR(255) NOT NULL, MAKER VARCHAR(255) NOT NULL, MODEL VARCHAR(255) NOT NULL, OWNER_USER_ID INTEGER, PRIMARY KEY (ID))
[EL Fine]: sql: 2022-05-16 13:44:31.469--ServerSession(1405755905)--Connection(1442064869)--CREATE TABLE CHAMPIONSHIP (ID INTEGER NOT NULL, NAME VARCHAR(255) NOT NULL UNIQUE, PRIMARY KEY (ID))
[EL Fine]: sql: 2022-05-16 13:44:31.47--ServerSession(1405755905)--Connection(305018981)--CREATE TABLE RACE_CIRCUIT (ID INTEGER NOT NULL, LOCATION VARCHAR(255) NOT NULL, NAME VARCHAR(255) NOT NULL UNIQUE, PRIMARY KEY (ID))
[EL Fine]: sql: 2022-05-16 13:44:31.471--ServerSession(1405755905)--Connection(1239462480)--CREATE TABLE joinrequest (ID INTEGER NOT NULL, DATETIMECREATED TIMESTAMP NOT NULL, DATETIMERESOLVED TIMESTAMP, MESSAGE VARCHAR(255), STATUS VARCHAR(255), USER_USER_ID INTEGER NOT NULL, PRIMARY KEY (ID))
[EL Fine]: sql: 2022-05-16 13:44:31.471--ServerSession(1405755905)--Connection(1102662118)--CREATE TABLE RACE (RACE_ID INTEGER NOT NULL, EOR_DATE date, MAXDRIVERS INTEGER NOT NULL, NAME VARCHAR(255) NOT NULL, RACE_DATE date, CIRCUIT_ID INTEGER, ORGANIZOR_USER_ID INTEGER, championship_id INTEGER, PRIMARY KEY (RACE_ID))
[EL Fine]: sql: 2022-05-16 13:44:31.472--ServerSession(1405755905)--Connection(161455104)--CREATE TABLE RESULT (FINISHPOS INTEGER, STARTPOS INTEGER, driver_id INTEGER NOT NULL, race_id INTEGER NOT NULL, car_id INTEGER, PRIMARY KEY (driver_id, race_id))
[EL Fine]: sql: 2022-05-16 13:44:31.473--ServerSession(1405755905)--Connection(1753735765)--CREATE TABLE RACE_TEAM (ID INTEGER NOT NULL, NAME VARCHAR(255) NOT NULL UNIQUE, owner INTEGER, PRIMARY KEY (ID))
[EL Fine]: sql: 2022-05-16 13:44:31.473--ServerSession(1405755905)--Connection(1424001472)--CREATE TABLE membership (MEMBERSHIPSTATE VARCHAR(255), ROLE VARCHAR(255), TEAM_ID INTEGER NOT NULL, USER_USER_ID INTEGER NOT NULL, PRIMARY KEY (TEAM_ID, USER_USER_ID))
[EL Fine]: sql: 2022-05-16 13:44:31.474--ServerSession(1405755905)--Connection(969861729)--CREATE TABLE APP_USER (USER_ID INTEGER NOT NULL, AGE INTEGER NOT NULL, EMAIL VARCHAR(255) NOT NULL, FIRSTNAME VARCHAR(255) NOT NULL, LASTNAME VARCHAR(255) NOT NULL, PASSWORD VARCHAR(255) NOT NULL, ROLE VARCHAR(255), USERNAME VARCHAR(255) NOT NULL UNIQUE, PRIMARY KEY (USER_ID))
[EL Fine]: sql: 2022-05-16 13:44:31.475--ServerSession(1405755905)--Connection(1775618597)--CREATE TABLE race_classes (Race_RACE_ID INTEGER, classes VARCHAR(255) NOT NULL)
[EL Fine]: sql: 2022-05-16 13:44:31.475--ServerSession(1405755905)--Connection(1049050189)--CREATE TABLE RACE_TEAM_joinrequest (Team_ID INTEGER NOT NULL, joinRequests_ID INTEGER NOT NULL, PRIMARY KEY (Team_ID, joinRequests_ID))
[EL Fine]: sql: 2022-05-16 13:44:31.476--ServerSession(1405755905)--Connection(1802259357)--ALTER TABLE RACE_CAR ADD CONSTRAINT FK_RACE_CAR_OWNER_USER_ID FOREIGN KEY (OWNER_USER_ID) REFERENCES APP_USER (USER_ID)
[EL Fine]: sql: 2022-05-16 13:44:31.477--ServerSession(1405755905)--Connection(2128869022)--ALTER TABLE joinrequest ADD CONSTRAINT FK_joinrequest_USER_USER_ID FOREIGN KEY (USER_USER_ID) REFERENCES APP_USER (USER_ID)
[EL Fine]: sql: 2022-05-16 13:44:31.478--ServerSession(1405755905)--Connection(19620049)--ALTER TABLE RACE ADD CONSTRAINT FK_RACE_CIRCUIT_ID FOREIGN KEY (CIRCUIT_ID) REFERENCES RACE_CIRCUIT (ID)
[EL Fine]: sql: 2022-05-16 13:44:31.479--ServerSession(1405755905)--Connection(198795820)--ALTER TABLE RACE ADD CONSTRAINT FK_RACE_championship_id FOREIGN KEY (championship_id) REFERENCES CHAMPIONSHIP (ID)
[EL Fine]: sql: 2022-05-16 13:44:31.48--ServerSession(1405755905)--Connection(431248015)--ALTER TABLE RACE ADD CONSTRAINT FK_RACE_ORGANIZOR_USER_ID FOREIGN KEY (ORGANIZOR_USER_ID) REFERENCES APP_USER (USER_ID)
[EL Fine]: sql: 2022-05-16 13:44:31.481--ServerSession(1405755905)--Connection(708343061)--ALTER TABLE RESULT ADD CONSTRAINT FK_RESULT_car_id FOREIGN KEY (car_id) REFERENCES RACE_CAR (ID)
[EL Fine]: sql: 2022-05-16 13:44:31.482--ServerSession(1405755905)--Connection(2138073339)--ALTER TABLE RESULT ADD CONSTRAINT FK_RESULT_driver_id FOREIGN KEY (driver_id) REFERENCES APP_USER (USER_ID)
[EL Fine]: sql: 2022-05-16 13:44:31.483--ServerSession(1405755905)--Connection(1166781379)--ALTER TABLE RESULT ADD CONSTRAINT FK_RESULT_race_id FOREIGN KEY (race_id) REFERENCES RACE (RACE_ID)
[EL Fine]: sql: 2022-05-16 13:44:31.483--ServerSession(1405755905)--Connection(1113776809)--ALTER TABLE RACE_TEAM ADD CONSTRAINT FK_RACE_TEAM_owner FOREIGN KEY (owner) REFERENCES APP_USER (USER_ID)
[EL Fine]: sql: 2022-05-16 13:44:31.484--ServerSession(1405755905)--Connection(27650203)--ALTER TABLE membership ADD CONSTRAINT FK_membership_USER_USER_ID FOREIGN KEY (USER_USER_ID) REFERENCES APP_USER (USER_ID)
[EL Fine]: sql: 2022-05-16 13:44:31.485--ServerSession(1405755905)--Connection(538856055)--ALTER TABLE membership ADD CONSTRAINT FK_membership_TEAM_ID FOREIGN KEY (TEAM_ID) REFERENCES RACE_TEAM (ID)
[EL Fine]: sql: 2022-05-16 13:44:31.486--ServerSession(1405755905)--Connection(1138244411)--ALTER TABLE race_classes ADD CONSTRAINT FK_race_classes_Race_RACE_ID FOREIGN KEY (Race_RACE_ID) REFERENCES RACE (RACE_ID)
[EL Fine]: sql: 2022-05-16 13:44:31.487--ServerSession(1405755905)--Connection(1202150613)--ALTER TABLE RACE_TEAM_joinrequest ADD CONSTRAINT FK_RACE_TEAM_joinrequest_joinRequests_ID FOREIGN KEY (joinRequests_ID) REFERENCES joinrequest (ID)
[EL Fine]: sql: 2022-05-16 13:44:31.488--ServerSession(1405755905)--Connection(766869522)--ALTER TABLE RACE_TEAM_joinrequest ADD CONSTRAINT FK_RACE_TEAM_joinrequest_Team_ID FOREIGN KEY (Team_ID) REFERENCES RACE_TEAM (ID)
[EL Fine]: sql: 2022-05-16 13:44:31.489--ServerSession(1405755905)--Connection(1730598590)--CREATE TABLE SEQUENCE (SEQ_NAME VARCHAR(50) NOT NULL, SEQ_COUNT DECIMAL(38), PRIMARY KEY (SEQ_NAME))
[EL Fine]: sql: 2022-05-16 13:44:31.489--ServerSession(1405755905)--Connection(1953255213)--DELETE FROM SEQUENCE WHERE SEQ_NAME = 'SEQ_GEN'
[EL Fine]: sql: 2022-05-16 13:44:31.49--ServerSession(1405755905)--Connection(1142830363)--SELECT * FROM SEQUENCE WHERE SEQ_NAME = 'SEQ_GEN'
[EL Fine]: sql: 2022-05-16 13:44:31.49--ServerSession(1405755905)--Connection(266722574)--INSERT INTO SEQUENCE(SEQ_NAME, SEQ_COUNT) values ('SEQ_GEN', 0)
[EL Fine]: sql: 2022-05-16 13:44:31.493--ClientSession(1210102924)--Connection(1794768081)--SELECT USER_ID, AGE, EMAIL, FIRSTNAME, LASTNAME, PASSWORD, ROLE, USERNAME FROM APP_USER WHERE (USERNAME = ?)
	bind => [admin]
16-05-2022 13:44:31.493 [main] INFO  c.c.k.e.r.s.SystemInitializer - Generated admin user with credentials admin/adm1n
[EL Fine]: sql: 2022-05-16 13:44:31.547--ClientSession(1210102924)--Connection(1794768081)--UPDATE SEQUENCE SET SEQ_COUNT = SEQ_COUNT + ? WHERE SEQ_NAME = ?
	bind => [50, SEQ_GEN]
[EL Fine]: sql: 2022-05-16 13:44:31.547--ClientSession(1210102924)--Connection(1794768081)--SELECT SEQ_COUNT FROM SEQUENCE WHERE SEQ_NAME = ?
	bind => [SEQ_GEN]
[EL Fine]: sql: 2022-05-16 13:44:31.548--ClientSession(1210102924)--Connection(1794768081)--INSERT INTO APP_USER (USER_ID, AGE, EMAIL, FIRSTNAME, LASTNAME, PASSWORD, ROLE, USERNAME) VALUES (?, ?, ?, ?, ?, ?, ?, ?)
	bind => [1, 0, none, System, Administrator, $2a$10$VWtwzn2SBQ3CQa.s1ItauuNBHC3Nbf33.UkhTQra/gnWNEGmFOy6q, ADMIN, admin]
16-05-2022 13:44:31.565 [main] INFO  o.s.s.w.DefaultSecurityFilterChain - Creating filter chain: Ant [pattern='/'], []
16-05-2022 13:44:31.566 [main] INFO  o.s.s.w.DefaultSecurityFilterChain - Creating filter chain: Ant [pattern='/login'], []
16-05-2022 13:44:31.594 [main] WARN  o.s.c.a.AnnotationConfigApplicationContext - Exception encountered during context initialization - cancelling refresh attempt: org.springframework.beans.factory.BeanCreationException: Error creating bean with name 'springSecurityFilterChain' defined in class path resource [org/springframework/security/config/annotation/web/configuration/WebSecurityConfiguration.class]: Bean instantiation via factory method failed; nested exception is org.springframework.beans.BeanInstantiationException: Failed to instantiate [javax.servlet.Filter]: Factory method 'springSecurityFilterChain' threw exception; nested exception is org.springframework.beans.factory.NoSuchBeanDefinitionException: No bean named 'mvcHandlerMappingIntrospector' available: A Bean named mvcHandlerMappingIntrospector of type org.springframework.web.servlet.handler.HandlerMappingIntrospector is required to use MvcRequestMatcher. Please ensure Spring Security & Spring MVC are configured in a shared ApplicationContext.
16-05-2022 13:44:31.595 [main] INFO  o.s.o.j.LocalContainerEntityManagerFactoryBean - Closing JPA EntityManagerFactory for persistence unit 'default'
16-05-2022 13:44:31.596 [main] INFO  o.s.b.a.l.ConditionEvaluationReportLoggingListener - 

Error starting ApplicationContext. To display the conditions report re-run your application with 'debug' enabled.
16-05-2022 13:44:31.601 [main] ERROR o.s.b.d.LoggingFailureAnalysisReporter - 

***************************
APPLICATION FAILED TO START
***************************

Description:

Method springSecurityFilterChain in org.springframework.security.config.annotation.web.configuration.WebSecurityConfiguration required a bean named 'mvcHandlerMappingIntrospector' that could not be found.


Action:

Consider defining a bean named 'mvcHandlerMappingIntrospector' in your configuration.

16-05-2022 13:44:31.602 [main] ERROR o.s.t.c.TestContextManager - Caught exception while allowing TestExecutionListener [org.springframework.boot.test.autoconfigure.SpringBootDependencyInjectionTestExecutionListener@5432dca2] to prepare test instance [cz.cvut.kbss.ear.race.dao.UserDaoTest@67efb873]
java.lang.IllegalStateException: Failed to load ApplicationContext
	at org.springframework.test.context.cache.DefaultCacheAwareContextLoaderDelegate.loadContext(DefaultCacheAwareContextLoaderDelegate.java:132)
	at org.springframework.test.context.support.DefaultTestContext.getApplicationContext(DefaultTestContext.java:123)
	at org.springframework.test.context.support.DependencyInjectionTestExecutionListener.injectDependencies(DependencyInjectionTestExecutionListener.java:118)
	at org.springframework.test.context.support.DependencyInjectionTestExecutionListener.prepareTestInstance(DependencyInjectionTestExecutionListener.java:83)
	at org.springframework.boot.test.autoconfigure.SpringBootDependencyInjectionTestExecutionListener.prepareTestInstance(SpringBootDependencyInjectionTestExecutionListener.java:43)
	at org.springframework.test.context.TestContextManager.prepareTestInstance(TestContextManager.java:244)
	at org.springframework.test.context.junit4.SpringJUnit4ClassRunner.createTest(SpringJUnit4ClassRunner.java:227)
	at org.springframework.test.context.junit4.SpringJUnit4ClassRunner$1.runReflectiveCall(SpringJUnit4ClassRunner.java:289)
	at org.junit.internal.runners.model.ReflectiveCallable.run(ReflectiveCallable.java:12)
	at org.springframework.test.context.junit4.SpringJUnit4ClassRunner.methodBlock(SpringJUnit4ClassRunner.java:291)
	at org.springframework.test.context.junit4.SpringJUnit4ClassRunner.runChild(SpringJUnit4ClassRunner.java:246)
	at org.springframework.test.context.junit4.SpringJUnit4ClassRunner.runChild(SpringJUnit4ClassRunner.java:97)
	at org.junit.runners.ParentRunner$4.run(ParentRunner.java:331)
	at org.junit.runners.ParentRunner$1.schedule(ParentRunner.java:79)
	at org.junit.runners.ParentRunner.runChildren(ParentRunner.java:329)
	at org.junit.runners.ParentRunner.access$100(ParentRunner.java:66)
	at org.junit.runners.ParentRunner$2.evaluate(ParentRunner.java:293)
	at org.springframework.test.context.junit4.statements.RunBeforeTestClassCallbacks.evaluate(RunBeforeTestClassCallbacks.java:61)
	at org.springframework.test.context.junit4.statements.RunAfterTestClassCallbacks.evaluate(RunAfterTestClassCallbacks.java:70)
	at org.junit.runners.ParentRunner$3.evaluate(ParentRunner.java:306)
	at org.junit.runners.ParentRunner.run(ParentRunner.java:413)
	at org.springframework.test.context.junit4.SpringJUnit4ClassRunner.run(SpringJUnit4ClassRunner.java:190)
	at org.junit.runner.JUnitCore.run(JUnitCore.java:137)
	at org.junit.runner.JUnitCore.run(JUnitCore.java:115)
	at org.junit.vintage.engine.execution.RunnerExecutor.execute(RunnerExecutor.java:43)
	at java.util.stream.ForEachOps$ForEachOp$OfRef.accept(ForEachOps.java:183)
	at java.util.stream.ReferencePipeline$3$1.accept(ReferencePipeline.java:193)
	at java.util.Iterator.forEachRemaining(Iterator.java:116)
	at java.util.Spliterators$IteratorSpliterator.forEachRemaining(Spliterators.java:1801)
	at java.util.stream.AbstractPipeline.copyInto(AbstractPipeline.java:482)
	at java.util.stream.AbstractPipeline.wrapAndCopyInto(AbstractPipeline.java:472)
	at java.util.stream.ForEachOps$ForEachOp.evaluateSequential(ForEachOps.java:150)
	at java.util.stream.ForEachOps$ForEachOp$OfRef.evaluateSequential(ForEachOps.java:173)
	at java.util.stream.AbstractPipeline.evaluate(AbstractPipeline.java:234)
	at java.util.stream.ReferencePipeline.forEach(ReferencePipeline.java:485)
	at org.junit.vintage.engine.VintageTestEngine.executeAllChildren(VintageTestEngine.java:82)
	at org.junit.vintage.engine.VintageTestEngine.execute(VintageTestEngine.java:73)
	at org.junit.platform.launcher.core.DefaultLauncher.execute(DefaultLauncher.java:220)
	at org.junit.platform.launcher.core.DefaultLauncher.lambda$execute$6(DefaultLauncher.java:188)
	at org.junit.platform.launcher.core.DefaultLauncher.withInterceptedStreams(DefaultLauncher.java:202)
	at org.junit.platform.launcher.core.DefaultLauncher.execute(DefaultLauncher.java:181)
	at org.junit.platform.launcher.core.DefaultLauncher.execute(DefaultLauncher.java:128)
	at org.apache.maven.surefire.junitplatform.JUnitPlatformProvider.invokeAllTests(JUnitPlatformProvider.java:150)
	at org.apache.maven.surefire.junitplatform.JUnitPlatformProvider.invoke(JUnitPlatformProvider.java:124)
	at org.apache.maven.surefire.booter.ForkedBooter.invokeProviderInSameClassLoader(ForkedBooter.java:384)
	at org.apache.maven.surefire.booter.ForkedBooter.runSuitesInProcess(ForkedBooter.java:345)
	at org.apache.maven.surefire.booter.ForkedBooter.execute(ForkedBooter.java:126)
	at org.apache.maven.surefire.booter.ForkedBooter.main(ForkedBooter.java:418)
Caused by: org.springframework.beans.factory.BeanCreationException: Error creating bean with name 'springSecurityFilterChain' defined in class path resource [org/springframework/security/config/annotation/web/configuration/WebSecurityConfiguration.class]: Bean instantiation via factory method failed; nested exception is org.springframework.beans.BeanInstantiationException: Failed to instantiate [javax.servlet.Filter]: Factory method 'springSecurityFilterChain' threw exception; nested exception is org.springframework.beans.factory.NoSuchBeanDefinitionException: No bean named 'mvcHandlerMappingIntrospector' available: A Bean named mvcHandlerMappingIntrospector of type org.springframework.web.servlet.handler.HandlerMappingIntrospector is required to use MvcRequestMatcher. Please ensure Spring Security & Spring MVC are configured in a shared ApplicationContext.
	at org.springframework.beans.factory.support.ConstructorResolver.instantiate(ConstructorResolver.java:655)
	at org.springframework.beans.factory.support.ConstructorResolver.instantiateUsingFactoryMethod(ConstructorResolver.java:483)
	at org.springframework.beans.factory.support.AbstractAutowireCapableBeanFactory.instantiateUsingFactoryMethod(AbstractAutowireCapableBeanFactory.java:1336)
	at org.springframework.beans.factory.support.AbstractAutowireCapableBeanFactory.createBeanInstance(AbstractAutowireCapableBeanFactory.java:1176)
	at org.springframework.beans.factory.support.AbstractAutowireCapableBeanFactory.doCreateBean(AbstractAutowireCapableBeanFactory.java:556)
	at org.springframework.beans.factory.support.AbstractAutowireCapableBeanFactory.createBean(AbstractAutowireCapableBeanFactory.java:516)
	at org.springframework.beans.factory.support.AbstractBeanFactory.lambda$doGetBean$0(AbstractBeanFactory.java:324)
	at org.springframework.beans.factory.support.DefaultSingletonBeanRegistry.getSingleton(DefaultSingletonBeanRegistry.java:226)
	at org.springframework.beans.factory.support.AbstractBeanFactory.doGetBean(AbstractBeanFactory.java:322)
	at org.springframework.beans.factory.support.AbstractBeanFactory.getBean(AbstractBeanFactory.java:202)
	at org.springframework.beans.factory.support.AbstractBeanFactory.doGetBean(AbstractBeanFactory.java:311)
	at org.springframework.beans.factory.support.AbstractBeanFactory.getBean(AbstractBeanFactory.java:202)
	at org.springframework.beans.factory.support.DefaultListableBeanFactory.preInstantiateSingletons(DefaultListableBeanFactory.java:897)
	at org.springframework.context.support.AbstractApplicationContext.finishBeanFactoryInitialization(AbstractApplicationContext.java:879)
	at org.springframework.context.support.AbstractApplicationContext.refresh(AbstractApplicationContext.java:551)
	at org.springframework.boot.SpringApplication.refresh(SpringApplication.java:758)
	at org.springframework.boot.SpringApplication.refresh(SpringApplication.java:750)
	at org.springframework.boot.SpringApplication.refreshContext(SpringApplication.java:397)
	at org.springframework.boot.SpringApplication.run(SpringApplication.java:315)
	at org.springframework.boot.test.context.SpringBootContextLoader.loadContext(SpringBootContextLoader.java:120)
	at org.springframework.test.context.cache.DefaultCacheAwareContextLoaderDelegate.loadContextInternal(DefaultCacheAwareContextLoaderDelegate.java:99)
	at org.springframework.test.context.cache.DefaultCacheAwareContextLoaderDelegate.loadContext(DefaultCacheAwareContextLoaderDelegate.java:124)
	... 47 common frames omitted
Caused by: org.springframework.beans.BeanInstantiationException: Failed to instantiate [javax.servlet.Filter]: Factory method 'springSecurityFilterChain' threw exception; nested exception is org.springframework.beans.factory.NoSuchBeanDefinitionException: No bean named 'mvcHandlerMappingIntrospector' available: A Bean named mvcHandlerMappingIntrospector of type org.springframework.web.servlet.handler.HandlerMappingIntrospector is required to use MvcRequestMatcher. Please ensure Spring Security & Spring MVC are configured in a shared ApplicationContext.
	at org.springframework.beans.factory.support.SimpleInstantiationStrategy.instantiate(SimpleInstantiationStrategy.java:185)
	at org.springframework.beans.factory.support.ConstructorResolver.instantiate(ConstructorResolver.java:650)
	... 68 common frames omitted
Caused by: org.springframework.beans.factory.NoSuchBeanDefinitionException: No bean named 'mvcHandlerMappingIntrospector' available: A Bean named mvcHandlerMappingIntrospector of type org.springframework.web.servlet.handler.HandlerMappingIntrospector is required to use MvcRequestMatcher. Please ensure Spring Security & Spring MVC are configured in a shared ApplicationContext.
	at org.springframework.security.config.annotation.web.configurers.CorsConfigurer$MvcCorsFilter.getMvcCorsFilter(CorsConfigurer.java:113)
	at org.springframework.security.config.annotation.web.configurers.CorsConfigurer$MvcCorsFilter.access$000(CorsConfigurer.java:103)
	at org.springframework.security.config.annotation.web.configurers.CorsConfigurer.getCorsFilter(CorsConfigurer.java:97)
	at org.springframework.security.config.annotation.web.configurers.CorsConfigurer.configure(CorsConfigurer.java:66)
	at org.springframework.security.config.annotation.web.configurers.CorsConfigurer.configure(CorsConfigurer.java:39)
	at org.springframework.security.config.annotation.AbstractConfiguredSecurityBuilder.configure(AbstractConfiguredSecurityBuilder.java:383)
	at org.springframework.security.config.annotation.AbstractConfiguredSecurityBuilder.doBuild(AbstractConfiguredSecurityBuilder.java:329)
	at org.springframework.security.config.annotation.AbstractSecurityBuilder.build(AbstractSecurityBuilder.java:41)
	at org.springframework.security.config.annotation.web.builders.WebSecurity.performBuild(WebSecurity.java:294)
	at org.springframework.security.config.annotation.web.builders.WebSecurity.performBuild(WebSecurity.java:81)
	at org.springframework.security.config.annotation.AbstractConfiguredSecurityBuilder.doBuild(AbstractConfiguredSecurityBuilder.java:333)
	at org.springframework.security.config.annotation.AbstractSecurityBuilder.build(AbstractSecurityBuilder.java:41)
	at org.springframework.security.config.annotation.web.configuration.WebSecurityConfiguration.springSecurityFilterChain(WebSecurityConfiguration.java:104)
	at sun.reflect.NativeMethodAccessorImpl.invoke0(Native Method)
	at sun.reflect.NativeMethodAccessorImpl.invoke(NativeMethodAccessorImpl.java:62)
	at sun.reflect.DelegatingMethodAccessorImpl.invoke(DelegatingMethodAccessorImpl.java:43)
	at java.lang.reflect.Method.invoke(Method.java:498)
	at org.springframework.beans.factory.support.SimpleInstantiationStrategy.instantiate(SimpleInstantiationStrategy.java:154)
	... 69 common frames omitted
]]></system-out>
  </testcase>
  <testcase name="findByUsernameReturnsNullForUnknownUsername" classname="cz.cvut.kbss.ear.race.dao.UserDaoTest" time="0">
    <error message="Failed to load ApplicationContext" type="java.lang.IllegalStateException"><![CDATA[java.lang.IllegalStateException: Failed to load ApplicationContext
Caused by: org.springframework.beans.factory.BeanCreationException: Error creating bean with name 'springSecurityFilterChain' defined in class path resource [org/springframework/security/config/annotation/web/configuration/WebSecurityConfiguration.class]: Bean instantiation via factory method failed; nested exception is org.springframework.beans.BeanInstantiationException: Failed to instantiate [javax.servlet.Filter]: Factory method 'springSecurityFilterChain' threw exception; nested exception is org.springframework.beans.factory.NoSuchBeanDefinitionException: No bean named 'mvcHandlerMappingIntrospector' available: A Bean named mvcHandlerMappingIntrospector of type org.springframework.web.servlet.handler.HandlerMappingIntrospector is required to use MvcRequestMatcher. Please ensure Spring Security & Spring MVC are configured in a shared ApplicationContext.
Caused by: org.springframework.beans.BeanInstantiationException: Failed to instantiate [javax.servlet.Filter]: Factory method 'springSecurityFilterChain' threw exception; nested exception is org.springframework.beans.factory.NoSuchBeanDefinitionException: No bean named 'mvcHandlerMappingIntrospector' available: A Bean named mvcHandlerMappingIntrospector of type org.springframework.web.servlet.handler.HandlerMappingIntrospector is required to use MvcRequestMatcher. Please ensure Spring Security & Spring MVC are configured in a shared ApplicationContext.
Caused by: org.springframework.beans.factory.NoSuchBeanDefinitionException: No bean named 'mvcHandlerMappingIntrospector' available: A Bean named mvcHandlerMappingIntrospector of type org.springframework.web.servlet.handler.HandlerMappingIntrospector is required to use MvcRequestMatcher. Please ensure Spring Security & Spring MVC are configured in a shared ApplicationContext.
]]></error>
    <system-out><![CDATA[
  .   ____          _            __ _ _
 /\\ / ___'_ __ _ _(_)_ __  __ _ \ \ \ \
( ( )\___ | '_ | '_| | '_ \/ _` | \ \ \ \
 \\/  ___)| |_)| | | | | || (_| |  ) ) ) )
  '  |____| .__|_| |_|_| |_\__, | / / / /
 =========|_|==============|___/=/_/_/_/
 :: Spring Boot ::        (v2.3.3.RELEASE)

16-05-2022 13:44:31.621 [main] INFO  c.c.k.ear.race.dao.UserDaoTest - Starting UserDaoTest on DESKTOP-OI8RF7B with PID 18652 (started by prada in E:\School\Bcc\bakalarka\appka\pradaluk)
16-05-2022 13:44:31.622 [main] DEBUG c.c.k.ear.race.dao.UserDaoTest - Running with Spring Boot v2.3.3.RELEASE, Spring v5.2.8.RELEASE
16-05-2022 13:44:31.622 [main] INFO  c.c.k.ear.race.dao.UserDaoTest - No active profile set, falling back to default profiles: default
16-05-2022 13:44:31.682 [main] INFO  o.s.d.r.c.RepositoryConfigurationDelegate - Bootstrapping Spring Data JPA repositories in DEFAULT mode.
16-05-2022 13:44:31.684 [main] INFO  o.s.d.r.c.RepositoryConfigurationDelegate - Finished Spring Data repository scanning in 1ms. Found 0 JPA repository interfaces.
16-05-2022 13:44:31.691 [main] INFO  o.s.b.t.a.j.TestDatabaseAutoConfiguration$EmbeddedDataSourceBeanFactoryPostProcessor - Replacing 'dataSource' DataSource bean with embedded version
16-05-2022 13:44:31.704 [main] INFO  o.s.j.d.e.EmbeddedDatabaseFactory - Starting embedded database: url='jdbc:h2:mem:33141eca-f233-4651-a4a2-6400c7330127;DB_CLOSE_DELAY=-1;DB_CLOSE_ON_EXIT=false', username='sa'
16-05-2022 13:44:31.758 [main] INFO  o.s.o.j.LocalContainerEntityManagerFactoryBean - Initialized JPA EntityManagerFactory for persistence unit 'default'
[EL Info]: 2022-05-16 13:44:31.845--ServerSession(296578851)--EclipseLink, version: Eclipse Persistence Services - 2.7.7.v20200504-69f2c2b80d
[EL Fine]: sql: 2022-05-16 13:44:31.853--ServerSession(296578851)--Connection(1948633508)--ALTER TABLE RACE_CAR DROP CONSTRAINT FK_RACE_CAR_OWNER_USER_ID
[EL Fine]: sql: 2022-05-16 13:44:31.853--ServerSession(296578851)--SELECT 1
[EL Fine]: sql: 2022-05-16 13:44:31.853--ServerSession(296578851)--Connection(1122042777)--ALTER TABLE joinrequest DROP CONSTRAINT FK_joinrequest_USER_USER_ID
[EL Fine]: sql: 2022-05-16 13:44:31.853--ServerSession(296578851)--SELECT 1
[EL Fine]: sql: 2022-05-16 13:44:31.853--ServerSession(296578851)--Connection(1824499276)--ALTER TABLE RACE DROP CONSTRAINT FK_RACE_CIRCUIT_ID
[EL Fine]: sql: 2022-05-16 13:44:31.853--ServerSession(296578851)--SELECT 1
[EL Fine]: sql: 2022-05-16 13:44:31.854--ServerSession(296578851)--Connection(2093178592)--ALTER TABLE RACE DROP CONSTRAINT FK_RACE_championship_id
[EL Fine]: sql: 2022-05-16 13:44:31.854--ServerSession(296578851)--SELECT 1
[EL Fine]: sql: 2022-05-16 13:44:31.854--ServerSession(296578851)--Connection(1930299504)--ALTER TABLE RACE DROP CONSTRAINT FK_RACE_ORGANIZOR_USER_ID
[EL Fine]: sql: 2022-05-16 13:44:31.854--ServerSession(296578851)--SELECT 1
[EL Fine]: sql: 2022-05-16 13:44:31.854--ServerSession(296578851)--Connection(1190042623)--ALTER TABLE RESULT DROP CONSTRAINT FK_RESULT_car_id
[EL Fine]: sql: 2022-05-16 13:44:31.854--ServerSession(296578851)--SELECT 1
[EL Fine]: sql: 2022-05-16 13:44:31.854--ServerSession(296578851)--Connection(1010977736)--ALTER TABLE RESULT DROP CONSTRAINT FK_RESULT_driver_id
[EL Fine]: sql: 2022-05-16 13:44:31.854--ServerSession(296578851)--SELECT 1
[EL Fine]: sql: 2022-05-16 13:44:31.855--ServerSession(296578851)--Connection(19512420)--ALTER TABLE RESULT DROP CONSTRAINT FK_RESULT_race_id
[EL Fine]: sql: 2022-05-16 13:44:31.855--ServerSession(296578851)--SELECT 1
[EL Fine]: sql: 2022-05-16 13:44:31.855--ServerSession(296578851)--Connection(1678624737)--ALTER TABLE RACE_TEAM DROP CONSTRAINT FK_RACE_TEAM_owner
[EL Fine]: sql: 2022-05-16 13:44:31.855--ServerSession(296578851)--SELECT 1
[EL Fine]: sql: 2022-05-16 13:44:31.855--ServerSession(296578851)--Connection(542408907)--ALTER TABLE membership DROP CONSTRAINT FK_membership_USER_USER_ID
[EL Fine]: sql: 2022-05-16 13:44:31.855--ServerSession(296578851)--SELECT 1
[EL Fine]: sql: 2022-05-16 13:44:31.855--ServerSession(296578851)--Connection(1942565500)--ALTER TABLE membership DROP CONSTRAINT FK_membership_TEAM_ID
[EL Fine]: sql: 2022-05-16 13:44:31.856--ServerSession(296578851)--SELECT 1
[EL Fine]: sql: 2022-05-16 13:44:31.856--ServerSession(296578851)--Connection(438124508)--ALTER TABLE race_classes DROP CONSTRAINT FK_race_classes_Race_RACE_ID
[EL Fine]: sql: 2022-05-16 13:44:31.856--ServerSession(296578851)--SELECT 1
[EL Fine]: sql: 2022-05-16 13:44:31.856--ServerSession(296578851)--Connection(1013709740)--ALTER TABLE RACE_TEAM_joinrequest DROP CONSTRAINT FK_RACE_TEAM_joinrequest_joinRequests_ID
[EL Fine]: sql: 2022-05-16 13:44:31.856--ServerSession(296578851)--SELECT 1
[EL Fine]: sql: 2022-05-16 13:44:31.856--ServerSession(296578851)--Connection(1813336410)--ALTER TABLE RACE_TEAM_joinrequest DROP CONSTRAINT FK_RACE_TEAM_joinrequest_Team_ID
[EL Fine]: sql: 2022-05-16 13:44:31.856--ServerSession(296578851)--SELECT 1
[EL Fine]: sql: 2022-05-16 13:44:31.856--ServerSession(296578851)--Connection(1297892553)--DROP TABLE RACE_CAR CASCADE
[EL Fine]: sql: 2022-05-16 13:44:31.856--ServerSession(296578851)--SELECT 1
[EL Fine]: sql: 2022-05-16 13:44:31.857--ServerSession(296578851)--Connection(1140755024)--DROP TABLE CHAMPIONSHIP CASCADE
[EL Fine]: sql: 2022-05-16 13:44:31.857--ServerSession(296578851)--SELECT 1
[EL Fine]: sql: 2022-05-16 13:44:31.857--ServerSession(296578851)--Connection(2118543548)--DROP TABLE RACE_CIRCUIT CASCADE
[EL Fine]: sql: 2022-05-16 13:44:31.857--ServerSession(296578851)--SELECT 1
[EL Fine]: sql: 2022-05-16 13:44:31.857--ServerSession(296578851)--Connection(553139656)--DROP TABLE joinrequest CASCADE
[EL Fine]: sql: 2022-05-16 13:44:31.857--ServerSession(296578851)--SELECT 1
[EL Fine]: sql: 2022-05-16 13:44:31.857--ServerSession(296578851)--Connection(600579041)--DROP TABLE RACE CASCADE
[EL Fine]: sql: 2022-05-16 13:44:31.857--ServerSession(296578851)--SELECT 1
[EL Fine]: sql: 2022-05-16 13:44:31.858--ServerSession(296578851)--Connection(2117430587)--DROP TABLE RESULT CASCADE
[EL Fine]: sql: 2022-05-16 13:44:31.858--ServerSession(296578851)--SELECT 1
[EL Fine]: sql: 2022-05-16 13:44:31.858--ServerSession(296578851)--Connection(764703570)--DROP TABLE RACE_TEAM CASCADE
[EL Fine]: sql: 2022-05-16 13:44:31.858--ServerSession(296578851)--SELECT 1
[EL Fine]: sql: 2022-05-16 13:44:31.858--ServerSession(296578851)--Connection(2107112262)--DROP TABLE membership CASCADE
[EL Fine]: sql: 2022-05-16 13:44:31.858--ServerSession(296578851)--SELECT 1
[EL Fine]: sql: 2022-05-16 13:44:31.858--ServerSession(296578851)--Connection(2055055501)--DROP TABLE APP_USER CASCADE
[EL Fine]: sql: 2022-05-16 13:44:31.859--ServerSession(296578851)--SELECT 1
[EL Fine]: sql: 2022-05-16 13:44:31.859--ServerSession(296578851)--Connection(952101457)--DROP TABLE race_classes CASCADE
[EL Fine]: sql: 2022-05-16 13:44:31.859--ServerSession(296578851)--SELECT 1
[EL Fine]: sql: 2022-05-16 13:44:31.859--ServerSession(296578851)--Connection(1403054064)--DROP TABLE RACE_TEAM_joinrequest CASCADE
[EL Fine]: sql: 2022-05-16 13:44:31.859--ServerSession(296578851)--SELECT 1
[EL Fine]: sql: 2022-05-16 13:44:31.859--ServerSession(296578851)--Connection(811111605)--DROP TABLE RACE_CAR CASCADE
[EL Fine]: sql: 2022-05-16 13:44:31.859--ServerSession(296578851)--SELECT 1
[EL Fine]: sql: 2022-05-16 13:44:31.86--ServerSession(296578851)--Connection(1886377435)--DROP TABLE CHAMPIONSHIP CASCADE
[EL Fine]: sql: 2022-05-16 13:44:31.86--ServerSession(296578851)--SELECT 1
[EL Fine]: sql: 2022-05-16 13:44:31.86--ServerSession(296578851)--Connection(24421366)--DROP TABLE RACE_CIRCUIT CASCADE
[EL Fine]: sql: 2022-05-16 13:44:31.86--ServerSession(296578851)--SELECT 1
[EL Fine]: sql: 2022-05-16 13:44:31.86--ServerSession(296578851)--Connection(462817361)--DROP TABLE joinrequest CASCADE
[EL Fine]: sql: 2022-05-16 13:44:31.86--ServerSession(296578851)--SELECT 1
[EL Fine]: sql: 2022-05-16 13:44:31.86--ServerSession(296578851)--Connection(231818377)--DROP TABLE RACE CASCADE
[EL Fine]: sql: 2022-05-16 13:44:31.86--ServerSession(296578851)--SELECT 1
[EL Fine]: sql: 2022-05-16 13:44:31.861--ServerSession(296578851)--Connection(1208540181)--DROP TABLE RESULT CASCADE
[EL Fine]: sql: 2022-05-16 13:44:31.861--ServerSession(296578851)--SELECT 1
[EL Fine]: sql: 2022-05-16 13:44:31.861--ServerSession(296578851)--Connection(665028383)--DROP TABLE RACE_TEAM CASCADE
[EL Fine]: sql: 2022-05-16 13:44:31.861--ServerSession(296578851)--SELECT 1
[EL Fine]: sql: 2022-05-16 13:44:31.861--ServerSession(296578851)--Connection(1116826255)--DROP TABLE membership CASCADE
[EL Fine]: sql: 2022-05-16 13:44:31.861--ServerSession(296578851)--SELECT 1
[EL Fine]: sql: 2022-05-16 13:44:31.861--ServerSession(296578851)--Connection(1657944512)--DROP TABLE APP_USER CASCADE
[EL Fine]: sql: 2022-05-16 13:44:31.862--ServerSession(296578851)--SELECT 1
[EL Fine]: sql: 2022-05-16 13:44:31.862--ServerSession(296578851)--Connection(1777068603)--DROP TABLE race_classes CASCADE
[EL Fine]: sql: 2022-05-16 13:44:31.862--ServerSession(296578851)--SELECT 1
[EL Fine]: sql: 2022-05-16 13:44:31.862--ServerSession(296578851)--Connection(1685515002)--DROP TABLE RACE_TEAM_joinrequest CASCADE
[EL Fine]: sql: 2022-05-16 13:44:31.862--ServerSession(296578851)--SELECT 1
[EL Fine]: sql: 2022-05-16 13:44:31.862--ServerSession(296578851)--Connection(513325194)--DROP TABLE RACE_CAR CASCADE
[EL Fine]: sql: 2022-05-16 13:44:31.862--ServerSession(296578851)--SELECT 1
[EL Fine]: sql: 2022-05-16 13:44:31.863--ServerSession(296578851)--Connection(211312721)--DROP TABLE CHAMPIONSHIP CASCADE
[EL Fine]: sql: 2022-05-16 13:44:31.863--ServerSession(296578851)--SELECT 1
[EL Fine]: sql: 2022-05-16 13:44:31.863--ServerSession(296578851)--Connection(316689102)--DROP TABLE RACE_CIRCUIT CASCADE
[EL Fine]: sql: 2022-05-16 13:44:31.863--ServerSession(296578851)--SELECT 1
[EL Fine]: sql: 2022-05-16 13:44:31.863--ServerSession(296578851)--Connection(1972053398)--DROP TABLE joinrequest CASCADE
[EL Fine]: sql: 2022-05-16 13:44:31.863--ServerSession(296578851)--SELECT 1
[EL Fine]: sql: 2022-05-16 13:44:31.863--ServerSession(296578851)--Connection(321265782)--DROP TABLE RACE CASCADE
[EL Fine]: sql: 2022-05-16 13:44:31.864--ServerSession(296578851)--SELECT 1
[EL Fine]: sql: 2022-05-16 13:44:31.864--ServerSession(296578851)--Connection(1335540756)--DROP TABLE RESULT CASCADE
[EL Fine]: sql: 2022-05-16 13:44:31.864--ServerSession(296578851)--SELECT 1
[EL Fine]: sql: 2022-05-16 13:44:31.864--ServerSession(296578851)--Connection(1007659540)--DROP TABLE RACE_TEAM CASCADE
[EL Fine]: sql: 2022-05-16 13:44:31.864--ServerSession(296578851)--SELECT 1
[EL Fine]: sql: 2022-05-16 13:44:31.865--ServerSession(296578851)--Connection(618010732)--DROP TABLE membership CASCADE
[EL Fine]: sql: 2022-05-16 13:44:31.865--ServerSession(296578851)--SELECT 1
[EL Fine]: sql: 2022-05-16 13:44:31.865--ServerSession(296578851)--Connection(614462720)--DROP TABLE APP_USER CASCADE
[EL Fine]: sql: 2022-05-16 13:44:31.865--ServerSession(296578851)--SELECT 1
[EL Fine]: sql: 2022-05-16 13:44:31.865--ServerSession(296578851)--Connection(815114048)--DROP TABLE race_classes CASCADE
[EL Fine]: sql: 2022-05-16 13:44:31.865--ServerSession(296578851)--SELECT 1
[EL Fine]: sql: 2022-05-16 13:44:31.866--ServerSession(296578851)--Connection(1211995226)--DROP TABLE RACE_TEAM_joinrequest CASCADE
[EL Fine]: sql: 2022-05-16 13:44:31.866--ServerSession(296578851)--SELECT 1
[EL Fine]: sql: 2022-05-16 13:44:31.866--ServerSession(296578851)--Connection(1738114653)--DROP TABLE RACE_CAR CASCADE
[EL Fine]: sql: 2022-05-16 13:44:31.866--ServerSession(296578851)--SELECT 1
[EL Fine]: sql: 2022-05-16 13:44:31.866--ServerSession(296578851)--Connection(1120757521)--DROP TABLE CHAMPIONSHIP CASCADE
[EL Fine]: sql: 2022-05-16 13:44:31.866--ServerSession(296578851)--SELECT 1
[EL Fine]: sql: 2022-05-16 13:44:31.867--ServerSession(296578851)--Connection(457732328)--DROP TABLE RACE_CIRCUIT CASCADE
[EL Fine]: sql: 2022-05-16 13:44:31.867--ServerSession(296578851)--SELECT 1
[EL Fine]: sql: 2022-05-16 13:44:31.867--ServerSession(296578851)--Connection(282209799)--DROP TABLE joinrequest CASCADE
[EL Fine]: sql: 2022-05-16 13:44:31.867--ServerSession(296578851)--SELECT 1
[...]
[EL Fine]: sql: 2022-05-16 13:44:32.313--ServerSession(225686866)--Connection(1734613557)--CREATE TABLE RESULT (FINISHPOS INTEGER, STARTPOS INTEGER, driver_id INTEGER NOT NULL, race_id INTEGER NOT NULL, car_id INTEGER, PRIMARY KEY (driver_id, race_id))
[EL Fine]: sql: 2022-05-16 13:44:32.314--ServerSession(225686866)--Connection(363595983)--CREATE TABLE RACE_TEAM (ID INTEGER NOT NULL, NAME VARCHAR(255) NOT NULL UNIQUE, owner INTEGER, PRIMARY KEY (ID))
[EL Fine]: sql: 2022-05-16 13:44:32.314--ServerSession(225686866)--Connection(2145169074)--CREATE TABLE membership (MEMBERSHIPSTATE VARCHAR(255), ROLE VARCHAR(255), TEAM_ID INTEGER NOT NULL, USER_USER_ID INTEGER NOT NULL, PRIMARY KEY (TEAM_ID, USER_USER_ID))
[EL Fine]: sql: 2022-05-16 13:44:32.315--ServerSession(225686866)--Connection(1486466202)--CREATE TABLE APP_USER (USER_ID INTEGER NOT NULL, AGE INTEGER NOT NULL, EMAIL VARCHAR(255) NOT NULL, FIRSTNAME VARCHAR(255) NOT NULL, LASTNAME VARCHAR(255) NOT NULL, PASSWORD VARCHAR(255) NOT NULL, ROLE VARCHAR(255), USERNAME VARCHAR(255) NOT NULL UNIQUE, PRIMARY KEY (USER_ID))
[EL Fine]: sql: 2022-05-16 13:44:32.315--ServerSession(225686866)--Connection(2049695473)--CREATE TABLE race_classes (Race_RACE_ID INTEGER, classes VARCHAR(255) NOT NULL)
[EL Fine]: sql: 2022-05-16 13:44:32.316--ServerSession(225686866)--Connection(5958610)--CREATE TABLE RACE_TEAM_joinrequest (Team_ID INTEGER NOT NULL, joinRequests_ID INTEGER NOT NULL, PRIMARY KEY (Team_ID, joinRequests_ID))
[EL Fine]: sql: 2022-05-16 13:44:32.316--ServerSession(225686866)--Connection(2059021882)--ALTER TABLE RACE_CAR ADD CONSTRAINT FK_RACE_CAR_OWNER_USER_ID FOREIGN KEY (OWNER_USER_ID) REFERENCES APP_USER (USER_ID)
[EL Fine]: sql: 2022-05-16 13:44:32.317--ServerSession(225686866)--Connection(2015387908)--ALTER TABLE joinrequest ADD CONSTRAINT FK_joinrequest_USER_USER_ID FOREIGN KEY (USER_USER_ID) REFERENCES APP_USER (USER_ID)
[EL Fine]: sql: 2022-05-16 13:44:32.318--ServerSession(225686866)--Connection(301342420)--ALTER TABLE RACE ADD CONSTRAINT FK_RACE_CIRCUIT_ID FOREIGN KEY (CIRCUIT_ID) REFERENCES RACE_CIRCUIT (ID)
[EL Fine]: sql: 2022-05-16 13:44:32.318--ServerSession(225686866)--Connection(1243816495)--ALTER TABLE RACE ADD CONSTRAINT FK_RACE_championship_id FOREIGN KEY (championship_id) REFERENCES CHAMPIONSHIP (ID)
[EL Fine]: sql: 2022-05-16 13:44:32.319--ServerSession(225686866)--Connection(1101047283)--ALTER TABLE RACE ADD CONSTRAINT FK_RACE_ORGANIZOR_USER_ID FOREIGN KEY (ORGANIZOR_USER_ID) REFERENCES APP_USER (USER_ID)
[EL Fine]: sql: 2022-05-16 13:44:32.319--ServerSession(225686866)--Connection(532929922)--ALTER TABLE RESULT ADD CONSTRAINT FK_RESULT_car_id FOREIGN KEY (car_id) REFERENCES RACE_CAR (ID)
[EL Fine]: sql: 2022-05-16 13:44:32.32--ServerSession(225686866)--Connection(228921851)--ALTER TABLE RESULT ADD CONSTRAINT FK_RESULT_driver_id FOREIGN KEY (driver_id) REFERENCES APP_USER (USER_ID)
[EL Fine]: sql: 2022-05-16 13:44:32.32--ServerSession(225686866)--Connection(301107082)--ALTER TABLE RESULT ADD CONSTRAINT FK_RESULT_race_id FOREIGN KEY (race_id) REFERENCES RACE (RACE_ID)
[EL Fine]: sql: 2022-05-16 13:44:32.321--ServerSession(225686866)--Connection(20604670)--ALTER TABLE RACE_TEAM ADD CONSTRAINT FK_RACE_TEAM_owner FOREIGN KEY (owner) REFERENCES APP_USER (USER_ID)
[EL Fine]: sql: 2022-05-16 13:44:32.322--ServerSession(225686866)--Connection(349360156)--ALTER TABLE membership ADD CONSTRAINT FK_membership_USER_USER_ID FOREIGN KEY (USER_USER_ID) REFERENCES APP_USER (USER_ID)
[EL Fine]: sql: 2022-05-16 13:44:32.322--ServerSession(225686866)--Connection(755682095)--ALTER TABLE membership ADD CONSTRAINT FK_membership_TEAM_ID FOREIGN KEY (TEAM_ID) REFERENCES RACE_TEAM (ID)
[EL Fine]: sql: 2022-05-16 13:44:32.323--ServerSession(225686866)--Connection(907108671)--ALTER TABLE race_classes ADD CONSTRAINT FK_race_classes_Race_RACE_ID FOREIGN KEY (Race_RACE_ID) REFERENCES RACE (RACE_ID)
[EL Fine]: sql: 2022-05-16 13:44:32.324--ServerSession(225686866)--Connection(385714587)--ALTER TABLE RACE_TEAM_joinrequest ADD CONSTRAINT FK_RACE_TEAM_joinrequest_joinRequests_ID FOREIGN KEY (joinRequests_ID) REFERENCES joinrequest (ID)
[EL Fine]: sql: 2022-05-16 13:44:32.324--ServerSession(225686866)--Connection(2040191161)--ALTER TABLE RACE_TEAM_joinrequest ADD CONSTRAINT FK_RACE_TEAM_joinrequest_Team_ID FOREIGN KEY (Team_ID) REFERENCES RACE_TEAM (ID)
[EL Fine]: sql: 2022-05-16 13:44:32.325--ServerSession(225686866)--Connection(2122079674)--CREATE TABLE SEQUENCE (SEQ_NAME VARCHAR(50) NOT NULL, SEQ_COUNT DECIMAL(38), PRIMARY KEY (SEQ_NAME))
[EL Fine]: sql: 2022-05-16 13:44:32.326--ServerSession(225686866)--Connection(449576988)--DELETE FROM SEQUENCE WHERE SEQ_NAME = 'SEQ_GEN'
[EL Fine]: sql: 2022-05-16 13:44:32.326--ServerSession(225686866)--Connection(1171958575)--SELECT * FROM SEQUENCE WHERE SEQ_NAME = 'SEQ_GEN'
[EL Fine]: sql: 2022-05-16 13:44:32.326--ServerSession(225686866)--Connection(1578706201)--INSERT INTO SEQUENCE(SEQ_NAME, SEQ_COUNT) values ('SEQ_GEN', 0)
[EL Fine]: sql: 2022-05-16 13:44:32.33--ClientSession(419212869)--Connection(1226362114)--SELECT USER_ID, AGE, EMAIL, FIRSTNAME, LASTNAME, PASSWORD, ROLE, USERNAME FROM APP_USER WHERE (USERNAME = ?)
	bind => [admin]
16-05-2022 13:44:32.330 [main] INFO  c.c.k.e.r.s.SystemInitializer - Generated admin user with credentials admin/adm1n
[EL Fine]: sql: 2022-05-16 13:44:32.387--ClientSession(419212869)--Connection(1226362114)--UPDATE SEQUENCE SET SEQ_COUNT = SEQ_COUNT + ? WHERE SEQ_NAME = ?
	bind => [50, SEQ_GEN]
[EL Fine]: sql: 2022-05-16 13:44:32.388--ClientSession(419212869)--Connection(1226362114)--SELECT SEQ_COUNT FROM SEQUENCE WHERE SEQ_NAME = ?
	bind => [SEQ_GEN]
[EL Fine]: sql: 2022-05-16 13:44:32.389--ClientSession(419212869)--Connection(1226362114)--INSERT INTO APP_USER (USER_ID, AGE, EMAIL, FIRSTNAME, LASTNAME, PASSWORD, ROLE, USERNAME) VALUES (?, ?, ?, ?, ?, ?, ?, ?)
	bind => [1, 0, none, System, Administrator, $2a$10$a97BD.ZhzXJYjmjOH19B4eTWZRu7nkSI46B6aI0ZZOeLAjqLqlguy, ADMIN, admin]
16-05-2022 13:44:32.409 [main] INFO  o.s.s.w.DefaultSecurityFilterChain - Creating filter chain: Ant [pattern='/'], []
16-05-2022 13:44:32.409 [main] INFO  o.s.s.w.DefaultSecurityFilterChain - Creating filter chain: Ant [pattern='/login'], []
16-05-2022 13:44:32.440 [main] WARN  o.s.c.a.AnnotationConfigApplicationContext - Exception encountered during context initialization - cancelling refresh attempt: org.springframework.beans.factory.BeanCreationException: Error creating bean with name 'springSecurityFilterChain' defined in class path resource [org/springframework/security/config/annotation/web/configuration/WebSecurityConfiguration.class]: Bean instantiation via factory method failed; nested exception is org.springframework.beans.BeanInstantiationException: Failed to instantiate [javax.servlet.Filter]: Factory method 'springSecurityFilterChain' threw exception; nested exception is org.springframework.beans.factory.NoSuchBeanDefinitionException: No bean named 'mvcHandlerMappingIntrospector' available: A Bean named mvcHandlerMappingIntrospector of type org.springframework.web.servlet.handler.HandlerMappingIntrospector is required to use MvcRequestMatcher. Please ensure Spring Security & Spring MVC are configured in a shared ApplicationContext.
16-05-2022 13:44:32.440 [main] INFO  o.s.o.j.LocalContainerEntityManagerFactoryBean - Closing JPA EntityManagerFactory for persistence unit 'default'
16-05-2022 13:44:32.441 [main] INFO  o.s.b.a.l.ConditionEvaluationReportLoggingListener - 

Error starting ApplicationContext. To display the conditions report re-run your application with 'debug' enabled.
16-05-2022 13:44:32.445 [main] ERROR o.s.b.d.LoggingFailureAnalysisReporter - 

***************************
APPLICATION FAILED TO START
***************************

Description:

Method springSecurityFilterChain in org.springframework.security.config.annotation.web.configuration.WebSecurityConfiguration required a bean named 'mvcHandlerMappingIntrospector' that could not be found.


Action:

Consider defining a bean named 'mvcHandlerMappingIntrospector' in your configuration.

16-05-2022 13:44:32.445 [main] ERROR o.s.t.c.TestContextManager - Caught exception while allowing TestExecutionListener [org.springframework.boot.test.autoconfigure.SpringBootDependencyInjectionTestExecutionListener@5432dca2] to prepare test instance [cz.cvut.kbss.ear.race.dao.UserDaoTest@6424c975]
java.lang.IllegalStateException: Failed to load ApplicationContext
	at org.springframework.test.context.cache.DefaultCacheAwareContextLoaderDelegate.loadContext(DefaultCacheAwareContextLoaderDelegate.java:132)
	at org.springframework.test.context.support.DefaultTestContext.getApplicationContext(DefaultTestContext.java:123)
	at org.springframework.test.context.support.DependencyInjectionTestExecutionListener.injectDependencies(DependencyInjectionTestExecutionListener.java:118)
	at org.springframework.test.context.support.DependencyInjectionTestExecutionListener.prepareTestInstance(DependencyInjectionTestExecutionListener.java:83)
	at org.springframework.boot.test.autoconfigure.SpringBootDependencyInjectionTestExecutionListener.prepareTestInstance(SpringBootDependencyInjectionTestExecutionListener.java:43)
	at org.springframework.test.context.TestContextManager.prepareTestInstance(TestContextManager.java:244)
	at org.springframework.test.context.junit4.SpringJUnit4ClassRunner.createTest(SpringJUnit4ClassRunner.java:227)
	at org.springframework.test.context.junit4.SpringJUnit4ClassRunner$1.runReflectiveCall(SpringJUnit4ClassRunner.java:289)
	at org.junit.internal.runners.model.ReflectiveCallable.run(ReflectiveCallable.java:12)
	at org.springframework.test.context.junit4.SpringJUnit4ClassRunner.methodBlock(SpringJUnit4ClassRunner.java:291)
	at org.springframework.test.context.junit4.SpringJUnit4ClassRunner.runChild(SpringJUnit4ClassRunner.java:246)
	at org.springframework.test.context.junit4.SpringJUnit4ClassRunner.runChild(SpringJUnit4ClassRunner.java:97)
	at org.junit.runners.ParentRunner$4.run(ParentRunner.java:331)
	at org.junit.runners.ParentRunner$1.schedule(ParentRunner.java:79)
	at org.junit.runners.ParentRunner.runChildren(ParentRunner.java:329)
	at org.junit.runners.ParentRunner.access$100(ParentRunner.java:66)
	at org.junit.runners.ParentRunner$2.evaluate(ParentRunner.java:293)
	at org.springframework.test.context.junit4.statements.RunBeforeTestClassCallbacks.evaluate(RunBeforeTestClassCallbacks.java:61)
	at org.springframework.test.context.junit4.statements.RunAfterTestClassCallbacks.evaluate(RunAfterTestClassCallbacks.java:70)
	at org.junit.runners.ParentRunner$3.evaluate(ParentRunner.java:306)
	at org.junit.runners.ParentRunner.run(ParentRunner.java:413)
	at org.springframework.test.context.junit4.SpringJUnit4ClassRunner.run(SpringJUnit4ClassRunner.java:190)
	at org.junit.runner.JUnitCore.run(JUnitCore.java:137)
	at org.junit.runner.JUnitCore.run(JUnitCore.java:115)
	at org.junit.vintage.engine.execution.RunnerExecutor.execute(RunnerExecutor.java:43)
	at java.util.stream.ForEachOps$ForEachOp$OfRef.accept(ForEachOps.java:183)
	at java.util.stream.ReferencePipeline$3$1.accept(ReferencePipeline.java:193)
	at java.util.Iterator.forEachRemaining(Iterator.java:116)
	at java.util.Spliterators$IteratorSpliterator.forEachRemaining(Spliterators.java:1801)
	at java.util.stream.AbstractPipeline.copyInto(AbstractPipeline.java:482)
	at java.util.stream.AbstractPipeline.wrapAndCopyInto(AbstractPipeline.java:472)
	at java.util.stream.ForEachOps$ForEachOp.evaluateSequential(ForEachOps.java:150)
	at java.util.stream.ForEachOps$ForEachOp$OfRef.evaluateSequential(ForEachOps.java:173)
	at java.util.stream.AbstractPipeline.evaluate(AbstractPipeline.java:234)
	at java.util.stream.ReferencePipeline.forEach(ReferencePipeline.java:485)
	at org.junit.vintage.engine.VintageTestEngine.executeAllChildren(VintageTestEngine.java:82)
	at org.junit.vintage.engine.VintageTestEngine.execute(VintageTestEngine.java:73)
	at org.junit.platform.launcher.core.DefaultLauncher.execute(DefaultLauncher.java:220)
	at org.junit.platform.launcher.core.DefaultLauncher.lambda$execute$6(DefaultLauncher.java:188)
	at org.junit.platform.launcher.core.DefaultLauncher.withInterceptedStreams(DefaultLauncher.java:202)
	at org.junit.platform.launcher.core.DefaultLauncher.execute(DefaultLauncher.java:181)
	at org.junit.platform.launcher.core.DefaultLauncher.execute(DefaultLauncher.java:128)
	at org.apache.maven.surefire.junitplatform.JUnitPlatformProvider.invokeAllTests(JUnitPlatformProvider.java:150)
	at org.apache.maven.surefire.junitplatform.JUnitPlatformProvider.invoke(JUnitPlatformProvider.java:124)
	at org.apache.maven.surefire.booter.ForkedBooter.invokeProviderInSameClassLoader(ForkedBooter.java:384)
	at org.apache.maven.surefire.booter.ForkedBooter.runSuitesInProcess(ForkedBooter.java:345)
	at org.apache.maven.surefire.booter.ForkedBooter.execute(ForkedBooter.java:126)
	at org.apache.maven.surefire.booter.ForkedBooter.main(ForkedBooter.java:418)
Caused by: org.springframework.beans.factory.BeanCreationException: Error creating bean with name 'springSecurityFilterChain' defined in class path resource [org/springframework/security/config/annotation/web/configuration/WebSecurityConfiguration.class]: Bean instantiation via factory method failed; nested exception is org.springframework.beans.BeanInstantiationException: Failed to instantiate [javax.servlet.Filter]: Factory method 'springSecurityFilterChain' threw exception; nested exception is org.springframework.beans.factory.NoSuchBeanDefinitionException: No bean named 'mvcHandlerMappingIntrospector' available: A Bean named mvcHandlerMappingIntrospector of type org.springframework.web.servlet.handler.HandlerMappingIntrospector is required to use MvcRequestMatcher. Please ensure Spring Security & Spring MVC are configured in a shared ApplicationContext.
	at org.springframework.beans.factory.support.ConstructorResolver.instantiate(ConstructorResolver.java:655)
	at org.springframework.beans.factory.support.ConstructorResolver.instantiateUsingFactoryMethod(ConstructorResolver.java:483)
	at org.springframework.beans.factory.support.AbstractAutowireCapableBeanFactory.instantiateUsingFactoryMethod(AbstractAutowireCapableBeanFactory.java:1336)
	at org.springframework.beans.factory.support.AbstractAutowireCapableBeanFactory.createBeanInstance(AbstractAutowireCapableBeanFactory.java:1176)
	at org.springframework.beans.factory.support.AbstractAutowireCapableBeanFactory.doCreateBean(AbstractAutowireCapableBeanFactory.java:556)
	at org.springframework.beans.factory.support.AbstractAutowireCapableBeanFactory.createBean(AbstractAutowireCapableBeanFactory.java:516)
	at org.springframework.beans.factory.support.AbstractBeanFactory.lambda$doGetBean$0(AbstractBeanFactory.java:324)
	at org.springframework.beans.factory.support.DefaultSingletonBeanRegistry.getSingleton(DefaultSingletonBeanRegistry.java:226)
	at org.springframework.beans.factory.support.AbstractBeanFactory.doGetBean(AbstractBeanFactory.java:322)
	at org.springframework.beans.factory.support.AbstractBeanFactory.getBean(AbstractBeanFactory.java:202)
	at org.springframework.beans.factory.support.AbstractBeanFactory.doGetBean(AbstractBeanFactory.java:311)
	at org.springframework.beans.factory.support.AbstractBeanFactory.getBean(AbstractBeanFactory.java:202)
	at org.springframework.beans.factory.support.DefaultListableBeanFactory.preInstantiateSingletons(DefaultListableBeanFactory.java:897)
	at org.springframework.context.support.AbstractApplicationContext.finishBeanFactoryInitialization(AbstractApplicationContext.java:879)
	at org.springframework.context.support.AbstractApplicationContext.refresh(AbstractApplicationContext.java:551)
	at org.springframework.boot.SpringApplication.refresh(SpringApplication.java:758)
	at org.springframework.boot.SpringApplication.refresh(SpringApplication.java:750)
	at org.springframework.boot.SpringApplication.refreshContext(SpringApplication.java:397)
	at org.springframework.boot.SpringApplication.run(SpringApplication.java:315)
	at org.springframework.boot.test.context.SpringBootContextLoader.loadContext(SpringBootContextLoader.java:120)
	at org.springframework.test.context.cache.DefaultCacheAwareContextLoaderDelegate.loadContextInternal(DefaultCacheAwareContextLoaderDelegate.java:99)
	at org.springframework.test.context.cache.DefaultCacheAwareContextLoaderDelegate.loadContext(DefaultCacheAwareContextLoaderDelegate.java:124)
	... 47 common frames omitted
Caused by: org.springframework.beans.BeanInstantiationException: Failed to instantiate [javax.servlet.Filter]: Factory method 'springSecurityFilterChain' threw exception; nested exception is org.springframework.beans.factory.NoSuchBeanDefinitionException: No bean named 'mvcHandlerMappingIntrospector' available: A Bean named mvcHandlerMappingIntrospector of type org.springframework.web.servlet.handler.HandlerMappingIntrospector is required to use MvcRequestMatcher. Please ensure Spring Security & Spring MVC are configured in a shared ApplicationContext.
	at org.springframework.beans.factory.support.SimpleInstantiationStrategy.instantiate(SimpleInstantiationStrategy.java:185)
	at org.springframework.beans.factory.support.ConstructorResolver.instantiate(ConstructorResolver.java:650)
	... 68 common frames omitted
Caused by: org.springframework.beans.factory.NoSuchBeanDefinitionException: No bean named 'mvcHandlerMappingIntrospector' available: A Bean named mvcHandlerMappingIntrospector of type org.springframework.web.servlet.handler.HandlerMappingIntrospector is required to use MvcRequestMatcher. Please ensure Spring Security & Spring MVC are configured in a shared ApplicationContext.
	at org.springframework.security.config.annotation.web.configurers.CorsConfigurer$MvcCorsFilter.getMvcCorsFilter(CorsConfigurer.java:113)
	at org.springframework.security.config.annotation.web.configurers.CorsConfigurer$MvcCorsFilter.access$000(CorsConfigurer.java:103)
	at org.springframework.security.config.annotation.web.configurers.CorsConfigurer.getCorsFilter(CorsConfigurer.java:97)
	at org.springframework.security.config.annotation.web.configurers.CorsConfigurer.configure(CorsConfigurer.java:66)
	at org.springframework.security.config.annotation.web.configurers.CorsConfigurer.configure(CorsConfigurer.java:39)
	at org.springframework.security.config.annotation.AbstractConfiguredSecurityBuilder.configure(AbstractConfiguredSecurityBuilder.java:383)
	at org.springframework.security.config.annotation.AbstractConfiguredSecurityBuilder.doBuild(AbstractConfiguredSecurityBuilder.java:329)
	at org.springframework.security.config.annotation.AbstractSecurityBuilder.build(AbstractSecurityBuilder.java:41)
	at org.springframework.security.config.annotation.web.builders.WebSecurity.performBuild(WebSecurity.java:294)
	at org.springframework.security.config.annotation.web.builders.WebSecurity.performBuild(WebSecurity.java:81)
	at org.springframework.security.config.annotation.AbstractConfiguredSecurityBuilder.doBuild(AbstractConfiguredSecurityBuilder.java:333)
	at org.springframework.security.config.annotation.AbstractSecurityBuilder.build(AbstractSecurityBuilder.java:41)
	at org.springframework.security.config.annotation.web.configuration.WebSecurityConfiguration.springSecurityFilterChain(WebSecurityConfiguration.java:104)
	at sun.reflect.NativeMethodAccessorImpl.invoke0(Native Method)
	at sun.reflect.NativeMethodAccessorImpl.invoke(NativeMethodAccessorImpl.java:62)
	at sun.reflect.DelegatingMethodAccessorImpl.invoke(DelegatingMethodAccessorImpl.java:43)
	at java.lang.reflect.Method.invoke(Method.java:498)
	at org.springframework.beans.factory.support.SimpleInstantiationStrategy.instantiate(SimpleInstantiationStrategy.java:154)
	... 69 common frames omitted
]]></system-out>
  </testcase>
</testsuite>