<?xml version="1.0" encoding="UTF-8"?>
<testsuite xmlns:xsi="http://www.w3.org/2001/XMLSchema-instance" xsi:noNamespaceSchemaLocation="https://maven.apache.org/surefire/maven-surefire-plugin/xsd/surefire-test-report.xsd" name="cz.cvut.kbss.ear.race.dao.UserDaoTest" time="0.565" tests="2" errors="1" skipped="0" failures="0">
  <properties>
[...]
</properties>
  <testcase name="findByUsernameReturnsPersonWithMatchingUsername" classname="cz.cvut.kbss.ear.race.dao.UserDaoTest" time="0.009">
    <error message="Exception [EclipseLink-4002] (Eclipse Persistence Services - 2.7.7.v20200504-69f2c2b80d): org.eclipse.persistence.exceptions.DatabaseException&#10;Internal Exception: org.h2.jdbc.JdbcSQLIntegrityConstraintViolationException: Pro sloupec &quot;AGE&quot; není hodnota NULL povolena&#10;NULL not allowed for column &quot;AGE&quot;; SQL statement:&#10;INSERT INTO APP_USER (USER_ID, AGE, EMAIL, FIRSTNAME, LASTNAME, PASSWORD, ROLE, USERNAME) VALUES (?, ?, ?, ?, ?, ?, ?, ?) [23502-200]&#10;Error Code: 23502&#10;Call: INSERT INTO APP_USER (USER_ID, AGE, EMAIL, FIRSTNAME, LASTNAME, PASSWORD, ROLE, USERNAME) VALUES (?, ?, ?, ?, ?, ?, ?, ?)&#10;	bind =&gt; [2, null, null, FirstName-279659383, LastName860898448, -1057836381, GUEST, username853212763@kbss.felk.cvut.cz]&#10;Query: InsertObjectQuery(User{FirstName-279659383 LastName860898448(username853212763@kbss.felk.cvut.cz)})" type="javax.persistence.PersistenceException">javax.persistence.PersistenceException: 
Exception [EclipseLink-4002] (Eclipse Persistence Services - 2.7.7.v20200504-69f2c2b80d): org.eclipse.persistence.exceptions.DatabaseException
Internal Exception: org.h2.jdbc.JdbcSQLIntegrityConstraintViolationException: Pro sloupec "AGE" není hodnota NULL povolena
NULL not allowed for column "AGE"; SQL statement:
INSERT INTO APP_USER (USER_ID, AGE, EMAIL, FIRSTNAME, LASTNAME, PASSWORD, ROLE, USERNAME) VALUES (?, ?, ?, ?, ?, ?, ?, ?) [23502-200]
Error Code: 23502
Call: INSERT INTO APP_USER (USER_ID, AGE, EMAIL, FIRSTNAME, LASTNAME, PASSWORD, ROLE, USERNAME) VALUES (?, ?, ?, ?, ?, ?, ?, ?)
	bind => [2, null, null, FirstName-279659383, LastName860898448, -1057836381, GUEST, username853212763@kbss.felk.cvut.cz]
Query: InsertObjectQuery(User{FirstName-279659383 LastName860898448(username853212763@kbss.felk.cvut.cz)})
	at cz.cvut.kbss.ear.race.dao.UserDaoTest.findByUsernameReturnsPersonWithMatchingUsername(UserDaoTest.java:35)
Caused by: org.eclipse.persistence.exceptions.DatabaseException: 

Internal Exception: org.h2.jdbc.JdbcSQLIntegrityConstraintViolationException: Pro sloupec "AGE" není hodnota NULL povolena
NULL not allowed for column "AGE"; SQL statement:
INSERT INTO APP_USER (USER_ID, AGE, EMAIL, FIRSTNAME, LASTNAME, PASSWORD, ROLE, USERNAME) VALUES (?, ?, ?, ?, ?, ?, ?, ?) [23502-200]
Error Code: 23502
Call: INSERT INTO APP_USER (USER_ID, AGE, EMAIL, FIRSTNAME, LASTNAME, PASSWORD, ROLE, USERNAME) VALUES (?, ?, ?, ?, ?, ?, ?, ?)
	bind => [2, null, null, FirstName-279659383, LastName860898448, -1057836381, GUEST, username853212763@kbss.felk.cvut.cz]
Query: InsertObjectQuery(User{FirstName-279659383 LastName860898448(username853212763@kbss.felk.cvut.cz)})
	at cz.cvut.kbss.ear.race.dao.UserDaoTest.findByUsernameReturnsPersonWithMatchingUsername(UserDaoTest.java:35)
Caused by: org.h2.jdbc.JdbcSQLIntegrityConstraintViolationException: 
Pro sloupec "AGE" není hodnota NULL povolena
NULL not allowed for column "AGE"; SQL statement:
INSERT INTO APP_USER (USER_ID, AGE, EMAIL, FIRSTNAME, LASTNAME, PASSWORD, ROLE, USERNAME) VALUES (?, ?, ?, ?, ?, ?, ?, ?) [23502-200]
	at cz.cvut.kbss.ear.race.dao.UserDaoTest.findByUsernameReturnsPersonWithMatchingUsername(UserDaoTest.java:35)
</error>
    <system-out><![CDATA[
  .   ____          _            __ _ _
 /\\ / ___'_ __ _ _(_)_ __  __ _ \ \ \ \
( ( )\___ | '_ | '_| | '_ \/ _` | \ \ \ \
 \\/  ___)| |_)| | | | | || (_| |  ) ) ) )
  '  |____| .__|_| |_|_| |_\__, | / / / /
 =========|_|==============|___/=/_/_/_/
 :: Spring Boot ::        (v2.3.3.RELEASE)

20-05-2022 11:44:42.904 [main] INFO  c.c.k.ear.race.dao.UserDaoTest - Starting UserDaoTest on DESKTOP-OI8RF7B with PID 13732 (started by prada in E:\School\Bc\bakalarka\appka\pradaluk)
20-05-2022 11:44:42.904 [main] DEBUG c.c.k.ear.race.dao.UserDaoTest - Running with Spring Boot v2.3.3.RELEASE, Spring v5.2.8.RELEASE
20-05-2022 11:44:42.904 [main] INFO  c.c.k.ear.race.dao.UserDaoTest - No active profile set, falling back to default profiles: default
20-05-2022 11:44:42.980 [main] INFO  o.s.d.r.c.RepositoryConfigurationDelegate - Bootstrapping Spring Data JPA repositories in DEFAULT mode.
20-05-2022 11:44:42.981 [main] INFO  o.s.d.r.c.RepositoryConfigurationDelegate - Finished Spring Data repository scanning in 1ms. Found 0 JPA repository interfaces.
20-05-2022 11:44:42.991 [main] INFO  o.s.b.t.a.j.TestDatabaseAutoConfiguration$EmbeddedDataSourceBeanFactoryPostProcessor - Replacing 'dataSource' DataSource bean with embedded version
20-05-2022 11:44:43.003 [main] INFO  o.s.j.d.e.EmbeddedDatabaseFactory - Starting embedded database: url='jdbc:h2:mem:e476dede-ad9a-4662-b32d-c2d5cda73a3f;DB_CLOSE_DELAY=-1;DB_CLOSE_ON_EXIT=false', username='sa'
20-05-2022 11:44:43.066 [main] INFO  o.s.o.j.LocalContainerEntityManagerFactoryBean - Initialized JPA EntityManagerFactory for persistence unit 'default'
[EL Info]: 2022-05-20 11:44:43.223--ServerSession(121120526)--EclipseLink, version: Eclipse Persistence Services - 2.7.7.v20200504-69f2c2b80d
[EL Fine]: sql: 2022-05-20 11:44:43.232--ServerSession(121120526)--Connection(1237071217)--ALTER TABLE RACE_CAR DROP CONSTRAINT FK_RACE_CAR_OWNER_USER_ID
[EL Fine]: sql: 2022-05-20 11:44:43.232--ServerSession(121120526)--SELECT 1
[EL Fine]: sql: 2022-05-20 11:44:43.232--ServerSession(121120526)--Connection(1907837920)--ALTER TABLE joinrequest DROP CONSTRAINT FK_joinrequest_USER_USER_ID
[EL Fine]: sql: 2022-05-20 11:44:43.233--ServerSession(121120526)--SELECT 1
[EL Fine]: sql: 2022-05-20 11:44:43.233--ServerSession(121120526)--Connection(1365921968)--ALTER TABLE RACE DROP CONSTRAINT FK_RACE_CIRCUIT_ID
[EL Fine]: sql: 2022-05-20 11:44:43.233--ServerSession(121120526)--SELECT 1
[EL Fine]: sql: 2022-05-20 11:44:43.233--ServerSession(121120526)--Connection(595046142)--ALTER TABLE RACE DROP CONSTRAINT FK_RACE_ORGANIZOR_USER_ID
[EL Fine]: sql: 2022-05-20 11:44:43.233--ServerSession(121120526)--SELECT 1
[EL Fine]: sql: 2022-05-20 11:44:43.234--ServerSession(121120526)--Connection(1224654490)--ALTER TABLE RESULT DROP CONSTRAINT FK_RESULT_car_id
[EL Fine]: sql: 2022-05-20 11:44:43.234--ServerSession(121120526)--SELECT 1
[EL Fine]: sql: 2022-05-20 11:44:43.234--ServerSession(121120526)--Connection(698476029)--ALTER TABLE RESULT DROP CONSTRAINT FK_RESULT_driver_id
[EL Fine]: sql: 2022-05-20 11:44:43.234--ServerSession(121120526)--SELECT 1
[EL Fine]: sql: 2022-05-20 11:44:43.234--ServerSession(121120526)--Connection(759098568)--ALTER TABLE RESULT DROP CONSTRAINT FK_RESULT_race_id
[EL Fine]: sql: 2022-05-20 11:44:43.235--ServerSession(121120526)--SELECT 1
[EL Fine]: sql: 2022-05-20 11:44:43.235--ServerSession(121120526)--Connection(422547361)--ALTER TABLE RACE_TEAM DROP CONSTRAINT FK_RACE_TEAM_owner
[EL Fine]: sql: 2022-05-20 11:44:43.235--ServerSession(121120526)--SELECT 1
[EL Fine]: sql: 2022-05-20 11:44:43.235--ServerSession(121120526)--Connection(1508993950)--ALTER TABLE membership DROP CONSTRAINT FK_membership_USER_USER_ID
[EL Fine]: sql: 2022-05-20 11:44:43.235--ServerSession(121120526)--SELECT 1
[EL Fine]: sql: 2022-05-20 11:44:43.236--ServerSession(121120526)--Connection(1452638590)--ALTER TABLE membership DROP CONSTRAINT FK_membership_TEAM_ID
[EL Fine]: sql: 2022-05-20 11:44:43.236--ServerSession(121120526)--SELECT 1
[EL Fine]: sql: 2022-05-20 11:44:43.236--ServerSession(121120526)--Connection(1010353040)--ALTER TABLE race_classes DROP CONSTRAINT FK_race_classes_Race_RACE_ID
[EL Fine]: sql: 2022-05-20 11:44:43.236--ServerSession(121120526)--SELECT 1
[EL Fine]: sql: 2022-05-20 11:44:43.237--ServerSession(121120526)--Connection(1414639907)--ALTER TABLE RACE_TEAM_joinrequest DROP CONSTRAINT FK_RACE_TEAM_joinrequest_joinRequests_ID
[EL Fine]: sql: 2022-05-20 11:44:43.237--ServerSession(121120526)--SELECT 1
[EL Fine]: sql: 2022-05-20 11:44:43.237--ServerSession(121120526)--Connection(1290737867)--ALTER TABLE RACE_TEAM_joinrequest DROP CONSTRAINT FK_RACE_TEAM_joinrequest_Team_ID
[EL Fine]: sql: 2022-05-20 11:44:43.237--ServerSession(121120526)--SELECT 1
[EL Fine]: sql: 2022-05-20 11:44:43.238--ServerSession(121120526)--Connection(757359107)--DROP TABLE RACE_CAR
[EL Fine]: sql: 2022-05-20 11:44:43.238--ServerSession(121120526)--SELECT 1
[EL Fine]: sql: 2022-05-20 11:44:43.238--ServerSession(121120526)--Connection(782504604)--DROP TABLE RACE_CIRCUIT
[EL Fine]: sql: 2022-05-20 11:44:43.238--ServerSession(121120526)--SELECT 1
[EL Fine]: sql: 2022-05-20 11:44:43.239--ServerSession(121120526)--Connection(836384074)--DROP TABLE joinrequest
[EL Fine]: sql: 2022-05-20 11:44:43.239--ServerSession(121120526)--SELECT 1
[EL Fine]: sql: 2022-05-20 11:44:43.239--ServerSession(121120526)--Connection(603146804)--DROP TABLE RACE
[EL Fine]: sql: 2022-05-20 11:44:43.239--ServerSession(121120526)--SELECT 1
[EL Fine]: sql: 2022-05-20 11:44:43.24--ServerSession(121120526)--Connection(1024500758)--DROP TABLE RESULT
[EL Fine]: sql: 2022-05-20 11:44:43.24--ServerSession(121120526)--SELECT 1
[EL Fine]: sql: 2022-05-20 11:44:43.24--ServerSession(121120526)--Connection(1060065921)--DROP TABLE RACE_TEAM
[EL Fine]: sql: 2022-05-20 11:44:43.24--ServerSession(121120526)--SELECT 1
[EL Fine]: sql: 2022-05-20 11:44:43.241--ServerSession(121120526)--Connection(1414112371)--DROP TABLE membership
[EL Fine]: sql: 2022-05-20 11:44:43.241--ServerSession(121120526)--SELECT 1
[EL Fine]: sql: 2022-05-20 11:44:43.241--ServerSession(121120526)--Connection(358730053)--DROP TABLE APP_USER
[EL Fine]: sql: 2022-05-20 11:44:43.241--ServerSession(121120526)--SELECT 1
[EL Fine]: sql: 2022-05-20 11:44:43.241--ServerSession(121120526)--Connection(927012796)--DROP TABLE race_classes
[EL Fine]: sql: 2022-05-20 11:44:43.242--ServerSession(121120526)--SELECT 1
[EL Fine]: sql: 2022-05-20 11:44:43.242--ServerSession(121120526)--Connection(735363744)--DROP TABLE RACE_TEAM_joinrequest
[EL Fine]: sql: 2022-05-20 11:44:43.242--ServerSession(121120526)--SELECT 1
[EL Fine]: sql: 2022-05-20 11:44:43.242--ServerSession(121120526)--Connection(854256810)--DROP TABLE RACE_CAR
[EL Fine]: sql: 2022-05-20 11:44:43.243--ServerSession(121120526)--SELECT 1
[EL Fine]: sql: 2022-05-20 11:44:43.243--ServerSession(121120526)--Connection(2119333592)--DROP TABLE RACE_CIRCUIT
[EL Fine]: sql: 2022-05-20 11:44:43.243--ServerSession(121120526)--SELECT 1
[EL Fine]: sql: 2022-05-20 11:44:43.243--ServerSession(121120526)--Connection(2013510401)--DROP TABLE joinrequest
[EL Fine]: sql: 2022-05-20 11:44:43.244--ServerSession(121120526)--SELECT 1
[EL Fine]: sql: 2022-05-20 11:44:43.244--ServerSession(121120526)--Connection(145816138)--DROP TABLE RACE
[EL Fine]: sql: 2022-05-20 11:44:43.244--ServerSession(121120526)--SELECT 1
[EL Fine]: sql: 2022-05-20 11:44:43.245--ServerSession(121120526)--Connection(1013498886)--DROP TABLE RESULT
[EL Fine]: sql: 2022-05-20 11:44:43.245--ServerSession(121120526)--SELECT 1
[EL Fine]: sql: 2022-05-20 11:44:43.245--ServerSession(121120526)--Connection(741579552)--DROP TABLE RACE_TEAM
[EL Fine]: sql: 2022-05-20 11:44:43.245--ServerSession(121120526)--SELECT 1
[EL Fine]: sql: 2022-05-20 11:44:43.246--ServerSession(121120526)--Connection(141854285)--DROP TABLE membership
[EL Fine]: sql: 2022-05-20 11:44:43.246--ServerSession(121120526)--SELECT 1
[EL Fine]: sql: 2022-05-20 11:44:43.247--ServerSession(121120526)--Connection(266551486)--DROP TABLE APP_USER
[EL Fine]: sql: 2022-05-20 11:44:43.247--ServerSession(121120526)--SELECT 1
[EL Fine]: sql: 2022-05-20 11:44:43.247--ServerSession(121120526)--Connection(483136582)--DROP TABLE race_classes
[EL Fine]: sql: 2022-05-20 11:44:43.247--ServerSession(121120526)--SELECT 1
[EL Fine]: sql: 2022-05-20 11:44:43.248--ServerSession(121120526)--Connection(2001339576)--DROP TABLE RACE_TEAM_joinrequest
[EL Fine]: sql: 2022-05-20 11:44:43.248--ServerSession(121120526)--SELECT 1
[EL Fine]: sql: 2022-05-20 11:44:43.248--ServerSession(121120526)--Connection(922639202)--DROP TABLE RACE_CAR
[EL Fine]: sql: 2022-05-20 11:44:43.249--ServerSession(121120526)--SELECT 1
[EL Fine]: sql: 2022-05-20 11:44:43.249--ServerSession(121120526)--Connection(1968904177)--DROP TABLE RACE_CIRCUIT
[EL Fine]: sql: 2022-05-20 11:44:43.249--ServerSession(121120526)--SELECT 1
[EL Fine]: sql: 2022-05-20 11:44:43.25--ServerSession(121120526)--Connection(2088343057)--DROP TABLE joinrequest
[EL Fine]: sql: 2022-05-20 11:44:43.25--ServerSession(121120526)--SELECT 1
[EL Fine]: sql: 2022-05-20 11:44:43.25--ServerSession(121120526)--Connection(1153642652)--DROP TABLE RACE
[EL Fine]: sql: 2022-05-20 11:44:43.25--ServerSession(121120526)--SELECT 1
[EL Fine]: sql: 2022-05-20 11:44:43.25--ServerSession(121120526)--Connection(151095115)--DROP TABLE RESULT
[EL Fine]: sql: 2022-05-20 11:44:43.251--ServerSession(121120526)--SELECT 1
[EL Fine]: sql: 2022-05-20 11:44:43.251--ServerSession(121120526)--Connection(216686509)--DROP TABLE RACE_TEAM
[EL Fine]: sql: 2022-05-20 11:44:43.251--ServerSession(121120526)--SELECT 1
[EL Fine]: sql: 2022-05-20 11:44:43.251--ServerSession(121120526)--Connection(627094559)--DROP TABLE membership
[EL Fine]: sql: 2022-05-20 11:44:43.251--ServerSession(121120526)--SELECT 1
[EL Fine]: sql: 2022-05-20 11:44:43.252--ServerSession(121120526)--Connection(43991186)--DROP TABLE APP_USER
[EL Fine]: sql: 2022-05-20 11:44:43.252--ServerSession(121120526)--SELECT 1
[EL Fine]: sql: 2022-05-20 11:44:43.252--ServerSession(121120526)--Connection(1655708006)--DROP TABLE race_classes
[EL Fine]: sql: 2022-05-20 11:44:43.252--ServerSession(121120526)--SELECT 1
[EL Fine]: sql: 2022-05-20 11:44:43.253--ServerSession(121120526)--Connection(1386347328)--DROP TABLE RACE_TEAM_joinrequest
[EL Fine]: sql: 2022-05-20 11:44:43.253--ServerSession(121120526)--SELECT 1
[EL Fine]: sql: 2022-05-20 11:44:43.253--ServerSession(121120526)--Connection(1455273007)--DROP TABLE RACE_CAR
[EL Fine]: sql: 2022-05-20 11:44:43.254--ServerSession(121120526)--SELECT 1
[EL Fine]: sql: 2022-05-20 11:44:43.254--ServerSession(121120526)--Connection(209282402)--DROP TABLE RACE_CIRCUIT
[EL Fine]: sql: 2022-05-20 11:44:43.254--ServerSession(121120526)--SELECT 1
[EL Fine]: sql: 2022-05-20 11:44:43.254--ServerSession(121120526)--Connection(2021981130)--DROP TABLE joinrequest
[EL Fine]: sql: 2022-05-20 11:44:43.255--ServerSession(121120526)--SELECT 1
[EL Fine]: sql: 2022-05-20 11:44:43.255--ServerSession(121120526)--Connection(870978861)--DROP TABLE RACE
[EL Fine]: sql: 2022-05-20 11:44:43.255--ServerSession(121120526)--SELECT 1
[EL Fine]: sql: 2022-05-20 11:44:43.255--ServerSession(121120526)--Connection(1335446611)--DROP TABLE RESULT
[EL Fine]: sql: 2022-05-20 11:44:43.256--ServerSession(121120526)--SELECT 1
[EL Fine]: sql: 2022-05-20 11:44:43.256--ServerSession(121120526)--Connection(1812490503)--DROP TABLE RACE_TEAM
[EL Fine]: sql: 2022-05-20 11:44:43.256--ServerSession(121120526)--SELECT 1
[EL Fine]: sql: 2022-05-20 11:44:43.256--ServerSession(121120526)--Connection(317637980)--DROP TABLE membership
[EL Fine]: sql: 2022-05-20 11:44:43.257--ServerSession(121120526)--SELECT 1
[EL Fine]: sql: 2022-05-20 11:44:43.257--ServerSession(121120526)--Connection(1382970676)--DROP TABLE APP_USER
[EL Fine]: sql: 2022-05-20 11:44:43.257--ServerSession(121120526)--SELECT 1
[EL Fine]: sql: 2022-05-20 11:44:43.257--ServerSession(121120526)--Connection(1117278456)--DROP TABLE race_classes
[EL Fine]: sql: 2022-05-20 11:44:43.258--ServerSession(121120526)--SELECT 1
[EL Fine]: sql: 2022-05-20 11:44:43.258--ServerSession(121120526)--Connection(1444206126)--DROP TABLE RACE_TEAM_joinrequest
[EL Fine]: sql: 2022-05-20 11:44:43.258--ServerSession(121120526)--SELECT 1
[EL Fine]: sql: 2022-05-20 11:44:43.258--ServerSession(121120526)--Connection(1899458150)--DROP TABLE RACE_CAR
[EL Fine]: sql: 2022-05-20 11:44:43.259--ServerSession(121120526)--SELECT 1
[EL Fine]: sql: 2022-05-20 11:44:43.259--ServerSession(121120526)--Connection(2101809022)--DROP TABLE RACE_CIRCUIT
[EL Fine]: sql: 2022-05-20 11:44:43.259--ServerSession(121120526)--SELECT 1
[EL Fine]: sql: 2022-05-20 11:44:43.26--ServerSession(121120526)--Connection(1621334468)--DROP TABLE joinrequest
[EL Fine]: sql: 2022-05-20 11:44:43.26--ServerSession(121120526)--SELECT 1
[EL Fine]: sql: 2022-05-20 11:44:43.26--ServerSession(121120526)--Connection(1167861350)--DROP TABLE RACE
[EL Fine]: sql: 2022-05-20 11:44:43.26--ServerSession(121120526)--SELECT 1
[EL Fine]: sql: 2022-05-20 11:44:43.261--ServerSession(121120526)--Connection(1293520124)--DROP TABLE RESULT
[EL Fine]: sql: 2022-05-20 11:44:43.261--ServerSession(121120526)--SELECT 1
[EL Fine]: sql: 2022-05-20 11:44:43.261--ServerSession(121120526)--Connection(1737422225)--DROP TABLE RACE_TEAM
[EL Fine]: sql: 2022-05-20 11:44:43.261--ServerSession(121120526)--SELECT 1
[EL Fine]: sql: 2022-05-20 11:44:43.262--ServerSession(121120526)--Connection(1126427694)--DROP TABLE membership
[EL Fine]: sql: 2022-05-20 11:44:43.262--ServerSession(121120526)--SELECT 1
[EL Fine]: sql: 2022-05-20 11:44:43.262--ServerSession(121120526)--Connection(1994580904)--DROP TABLE APP_USER
[EL Fine]: sql: 2022-05-20 11:44:43.262--ServerSession(121120526)--SELECT 1
[EL Fine]: sql: 2022-05-20 11:44:43.263--ServerSession(121120526)--Connection(2039977850)--DROP TABLE race_classes
[EL Fine]: sql: 2022-05-20 11:44:43.263--ServerSession(121120526)--SELECT 1
[EL Fine]: sql: 2022-05-20 11:44:43.263--ServerSession(121120526)--Connection(1413746326)--DROP TABLE RACE_TEAM_joinrequest
[EL Fine]: sql: 2022-05-20 11:44:43.263--ServerSession(121120526)--SELECT 1
[EL Fine]: sql: 2022-05-20 11:44:43.264--ServerSession(121120526)--Connection(294819946)--CREATE TABLE RACE_CAR (ID INTEGER NOT NULL, CARCLASS VARCHAR NOT NULL, MAKER VARCHAR NOT NULL, MODEL VARCHAR NOT NULL, OWNER_USER_ID INTEGER, PRIMARY KEY (ID))
[EL Fine]: sql: 2022-05-20 11:44:43.265--ServerSession(121120526)--Connection(1547693610)--CREATE TABLE RACE_CIRCUIT (ID INTEGER NOT NULL, LOCATION VARCHAR NOT NULL, NAME VARCHAR NOT NULL UNIQUE, PRIMARY KEY (ID))
[EL Fine]: sql: 2022-05-20 11:44:43.266--ServerSession(121120526)--Connection(1446377610)--CREATE TABLE joinrequest (ID INTEGER NOT NULL, DATETIMECREATED TIMESTAMP NOT NULL, DATETIMERESOLVED TIMESTAMP, MESSAGE VARCHAR, STATUS VARCHAR, USER_USER_ID INTEGER NOT NULL, PRIMARY KEY (ID))
[EL Fine]: sql: 2022-05-20 11:44:43.266--ServerSession(121120526)--Connection(662488690)--CREATE TABLE RACE (RACE_ID INTEGER NOT NULL, EOR_DATE date, MAXDRIVERS INTEGER NOT NULL, NAME VARCHAR NOT NULL, RACE_DATE date, CIRCUIT_ID INTEGER, ORGANIZOR_USER_ID INTEGER, PRIMARY KEY (RACE_ID))
[EL Fine]: sql: 2022-05-20 11:44:43.267--ServerSession(121120526)--Connection(272505009)--CREATE TABLE RESULT (FINISHPOS INTEGER, STARTPOS INTEGER, driver_id INTEGER NOT NULL, race_id INTEGER NOT NULL, car_id INTEGER, PRIMARY KEY (driver_id, race_id))
[EL Fine]: sql: 2022-05-20 11:44:43.268--ServerSession(121120526)--Connection(1008266923)--CREATE TABLE RACE_TEAM (ID INTEGER NOT NULL, NAME VARCHAR NOT NULL UNIQUE, owner INTEGER, PRIMARY KEY (ID))
[EL Fine]: sql: 2022-05-20 11:44:43.269--ServerSession(121120526)--Connection(1010293980)--CREATE TABLE membership (MEMBERSHIPSTATE VARCHAR, ROLE VARCHAR, TEAM_ID INTEGER NOT NULL, USER_USER_ID INTEGER NOT NULL, PRIMARY KEY (TEAM_ID, USER_USER_ID))
[EL Fine]: sql: 2022-05-20 11:44:43.27--ServerSession(121120526)--Connection(2143354352)--CREATE TABLE APP_USER (USER_ID INTEGER NOT NULL, AGE INTEGER NOT NULL, EMAIL VARCHAR NOT NULL, FIRSTNAME VARCHAR NOT NULL, LASTNAME VARCHAR NOT NULL, PASSWORD VARCHAR NOT NULL, ROLE VARCHAR, USERNAME VARCHAR NOT NULL UNIQUE, PRIMARY KEY (USER_ID))
[EL Fine]: sql: 2022-05-20 11:44:43.27--ServerSession(121120526)--Connection(588723547)--CREATE TABLE race_classes (Race_RACE_ID INTEGER, classes VARCHAR NOT NULL)
[EL Fine]: sql: 2022-05-20 11:44:43.271--ServerSession(121120526)--Connection(1948633508)--CREATE TABLE RACE_TEAM_joinrequest (Team_ID INTEGER NOT NULL, joinRequests_ID INTEGER NOT NULL, PRIMARY KEY (Team_ID, joinRequests_ID))
[EL Fine]: sql: 2022-05-20 11:44:43.272--ServerSession(121120526)--Connection(1122042777)--ALTER TABLE RACE_CAR ADD CONSTRAINT FK_RACE_CAR_OWNER_USER_ID FOREIGN KEY (OWNER_USER_ID) REFERENCES APP_USER (USER_ID)
[EL Fine]: sql: 2022-05-20 11:44:43.273--ServerSession(121120526)--Connection(1824499276)--ALTER TABLE joinrequest ADD CONSTRAINT FK_joinrequest_USER_USER_ID FOREIGN KEY (USER_USER_ID) REFERENCES APP_USER (USER_ID)
[EL Fine]: sql: 2022-05-20 11:44:43.274--ServerSession(121120526)--Connection(2093178592)--ALTER TABLE RACE ADD CONSTRAINT FK_RACE_CIRCUIT_ID FOREIGN KEY (CIRCUIT_ID) REFERENCES RACE_CIRCUIT (ID)
[EL Fine]: sql: 2022-05-20 11:44:43.276--ServerSession(121120526)--Connection(1930299504)--ALTER TABLE RACE ADD CONSTRAINT FK_RACE_ORGANIZOR_USER_ID FOREIGN KEY (ORGANIZOR_USER_ID) REFERENCES APP_USER (USER_ID)
[EL Fine]: sql: 2022-05-20 11:44:43.277--ServerSession(121120526)--Connection(1190042623)--ALTER TABLE RESULT ADD CONSTRAINT FK_RESULT_car_id FOREIGN KEY (car_id) REFERENCES RACE_CAR (ID)
[EL Fine]: sql: 2022-05-20 11:44:43.278--ServerSession(121120526)--Connection(1010977736)--ALTER TABLE RESULT ADD CONSTRAINT FK_RESULT_driver_id FOREIGN KEY (driver_id) REFERENCES APP_USER (USER_ID)
[EL Fine]: sql: 2022-05-20 11:44:43.279--ServerSession(121120526)--Connection(19512420)--ALTER TABLE RESULT ADD CONSTRAINT FK_RESULT_race_id FOREIGN KEY (race_id) REFERENCES RACE (RACE_ID)
[EL Fine]: sql: 2022-05-20 11:44:43.28--ServerSession(121120526)--Connection(1678624737)--ALTER TABLE RACE_TEAM ADD CONSTRAINT FK_RACE_TEAM_owner FOREIGN KEY (owner) REFERENCES APP_USER (USER_ID)
[EL Fine]: sql: 2022-05-20 11:44:43.281--ServerSession(121120526)--Connection(542408907)--ALTER TABLE membership ADD CONSTRAINT FK_membership_USER_USER_ID FOREIGN KEY (USER_USER_ID) REFERENCES APP_USER (USER_ID)
[EL Fine]: sql: 2022-05-20 11:44:43.282--ServerSession(121120526)--Connection(1942565500)--ALTER TABLE membership ADD CONSTRAINT FK_membership_TEAM_ID FOREIGN KEY (TEAM_ID) REFERENCES RACE_TEAM (ID)
[EL Fine]: sql: 2022-05-20 11:44:43.283--ServerSession(121120526)--Connection(438124508)--ALTER TABLE race_classes ADD CONSTRAINT FK_race_classes_Race_RACE_ID FOREIGN KEY (Race_RACE_ID) REFERENCES RACE (RACE_ID)
[EL Fine]: sql: 2022-05-20 11:44:43.284--ServerSession(121120526)--Connection(1013709740)--ALTER TABLE RACE_TEAM_joinrequest ADD CONSTRAINT FK_RACE_TEAM_joinrequest_joinRequests_ID FOREIGN KEY (joinRequests_ID) REFERENCES joinrequest (ID)
[EL Fine]: sql: 2022-05-20 11:44:43.285--ServerSession(121120526)--Connection(1813336410)--ALTER TABLE RACE_TEAM_joinrequest ADD CONSTRAINT FK_RACE_TEAM_joinrequest_Team_ID FOREIGN KEY (Team_ID) REFERENCES RACE_TEAM (ID)
[EL Fine]: sql: 2022-05-20 11:44:43.286--ServerSession(121120526)--Connection(1140755024)--CREATE TABLE SEQUENCE (SEQ_NAME VARCHAR(50) NOT NULL, SEQ_COUNT NUMERIC(38), PRIMARY KEY (SEQ_NAME))
[EL Fine]: sql: 2022-05-20 11:44:43.287--ServerSession(121120526)--Connection(2118543548)--DELETE FROM SEQUENCE WHERE SEQ_NAME = 'SEQ_GEN'
[EL Fine]: sql: 2022-05-20 11:44:43.287--ServerSession(121120526)--Connection(2053271627)--SELECT * FROM SEQUENCE WHERE SEQ_NAME = 'SEQ_GEN'
[EL Fine]: sql: 2022-05-20 11:44:43.288--ServerSession(121120526)--Connection(1832301283)--INSERT INTO SEQUENCE(SEQ_NAME, SEQ_COUNT) values ('SEQ_GEN', 0)
[EL Fine]: sql: 2022-05-20 11:44:43.292--ClientSession(1461700000)--Connection(1340721586)--SELECT USER_ID, AGE, EMAIL, FIRSTNAME, LASTNAME, PASSWORD, ROLE, USERNAME FROM APP_USER WHERE (USERNAME = ?)
	bind => [admin]
20-05-2022 11:44:43.292 [main] INFO  c.c.k.e.r.s.SystemInitializer - Generated admin user with credentials admin/adm1n
[EL Fine]: sql: 2022-05-20 11:44:43.346--ClientSession(1461700000)--Connection(1340721586)--UPDATE SEQUENCE SET SEQ_COUNT = SEQ_COUNT + ? WHERE SEQ_NAME = ?
	bind => [50, SEQ_GEN]
[EL Fine]: sql: 2022-05-20 11:44:43.347--ClientSession(1461700000)--Connection(1340721586)--SELECT SEQ_COUNT FROM SEQUENCE WHERE SEQ_NAME = ?
	bind => [SEQ_GEN]
[EL Fine]: sql: 2022-05-20 11:44:43.348--ClientSession(1461700000)--Connection(1340721586)--INSERT INTO APP_USER (USER_ID, AGE, EMAIL, FIRSTNAME, LASTNAME, PASSWORD, ROLE, USERNAME) VALUES (?, ?, ?, ?, ?, ?, ?, ?)
	bind => [1, 0, none, System, Administrator, $2a$10$JfsN5q3wzjO4kAs2R2y5feIUiOJuYUb.OwY7tGkPyx7JH2ni9LL5u, ADMIN, admin]
20-05-2022 11:44:43.375 [main] INFO  o.s.s.w.DefaultSecurityFilterChain - Creating filter chain: Ant [pattern='/'], []
20-05-2022 11:44:43.376 [main] INFO  o.s.s.w.DefaultSecurityFilterChain - Creating filter chain: Ant [pattern='/login'], []
20-05-2022 11:44:43.376 [main] INFO  o.s.s.w.DefaultSecurityFilterChain - Creating filter chain: Ant [pattern='/upcomingraces'], []
20-05-2022 11:44:43.421 [main] INFO  o.s.s.w.DefaultSecurityFilterChain - Creating filter chain: any request, [org.springframework.security.web.context.request.async.WebAsyncManagerIntegrationFilter@39519cf7, org.springframework.security.web.context.SecurityContextPersistenceFilter@10d22e07, org.springframework.security.web.header.HeaderWriterFilter@1b4870e8, org.springframework.security.web.authentication.logout.LogoutFilter@1a7d9cef, org.springframework.security.web.authentication.UsernamePasswordAuthenticationFilter@1c2e8b15, org.springframework.security.web.session.ConcurrentSessionFilter@368e8324, org.springframework.security.web.savedrequest.RequestCacheAwareFilter@48c5d3c5, org.springframework.security.web.servletapi.SecurityContextHolderAwareRequestFilter@598b1423, org.springframework.security.web.authentication.AnonymousAuthenticationFilter@3619d457, org.springframework.security.web.session.SessionManagementFilter@3294797f, org.springframework.security.web.access.ExceptionTranslationFilter@3833c923, org.springframework.security.web.access.intercept.FilterSecurityInterceptor@61ef6479]
20-05-2022 11:44:43.457 [main] INFO  c.c.k.ear.race.dao.UserDaoTest - Started UserDaoTest in 0.575 seconds (JVM running for 4.482)
20-05-2022 11:44:43.460 [main] INFO  o.s.t.c.t.TransactionContext - Began transaction (1) for test context [DefaultTestContext@96fc92d testClass = UserDaoTest, testInstance = cz.cvut.kbss.ear.race.dao.UserDaoTest@2de578c3, testMethod = findByUsernameReturnsPersonWithMatchingUsername@UserDaoTest, testException = [null], mergedContextConfiguration = [MergedContextConfiguration@41639f3f testClass = UserDaoTest, locations = '{}', classes = '{class cz.cvut.kbss.ear.race.RacingOrgApp}', contextInitializerClasses = '[]', activeProfiles = '{}', propertySourceLocations = '{}', propertySourceProperties = '{org.springframework.boot.test.autoconfigure.orm.jpa.DataJpaTestContextBootstrapper=true}', contextCustomizers = set[[ImportsContextCustomizer@619f2071 key = [org.springframework.boot.autoconfigure.cache.CacheAutoConfiguration, org.springframework.boot.autoconfigure.data.jpa.JpaRepositoriesAutoConfiguration, org.springframework.boot.autoconfigure.flyway.FlywayAutoConfiguration, org.springframework.boot.autoconfigure.jdbc.DataSourceAutoConfiguration, org.springframework.boot.autoconfigure.jdbc.DataSourceTransactionManagerAutoConfiguration, org.springframework.boot.autoconfigure.jdbc.JdbcTemplateAutoConfiguration, org.springframework.boot.autoconfigure.liquibase.LiquibaseAutoConfiguration, org.springframework.boot.autoconfigure.orm.jpa.HibernateJpaAutoConfiguration, org.springframework.boot.autoconfigure.transaction.TransactionAutoConfiguration, org.springframework.boot.test.autoconfigure.jdbc.TestDatabaseAutoConfiguration, org.springframework.boot.test.autoconfigure.orm.jpa.TestEntityManagerAutoConfiguration]], org.springframework.boot.test.context.filter.ExcludeFilterContextCustomizer@160e99e0, org.springframework.boot.test.json.DuplicateJsonObjectContextCustomizerFactory$DuplicateJsonObjectContextCustomizer@4e0cc334, org.springframework.boot.test.mock.mockito.MockitoContextCustomizer@0, org.springframework.boot.test.autoconfigure.OverrideAutoConfigurationContextCustomizerFactory$DisableAutoConfigurationContextCustomizer@66ec4409, org.springframework.boot.test.autoconfigure.filter.TypeExcludeFiltersContextCustomizer@351584c0, org.springframework.boot.test.autoconfigure.properties.PropertyMappingContextCustomizer@166455a9, org.springframework.boot.test.autoconfigure.web.servlet.WebDriverContextCustomizerFactory$Customizer@2f3928ac, org.springframework.boot.test.context.SpringBootTestArgs@1], contextLoader = 'org.springframework.boot.test.context.SpringBootContextLoader', parent = [null]], attributes = map[[empty]]]; transaction manager [org.springframework.orm.jpa.JpaTransactionManager@ccf1ef9]; rollback [true]
[EL Fine]: sql: 2022-05-20 11:44:43.462--ClientSession(1846506160)--Connection(1085801600)--INSERT INTO APP_USER (USER_ID, AGE, EMAIL, FIRSTNAME, LASTNAME, PASSWORD, ROLE, USERNAME) VALUES (?, ?, ?, ?, ?, ?, ?, ?)
	bind => [2, null, null, FirstName-279659383, LastName860898448, -1057836381, GUEST, username853212763@kbss.felk.cvut.cz]
[EL Fine]: sql: 2022-05-20 11:44:43.463--ClientSession(1846506160)--SELECT 1
[EL Warning]: 2022-05-20 11:44:43.463--UnitOfWork(1616276674)--Exception [EclipseLink-4002] (Eclipse Persistence Services - 2.7.7.v20200504-69f2c2b80d): org.eclipse.persistence.exceptions.DatabaseException
Internal Exception: org.h2.jdbc.JdbcSQLIntegrityConstraintViolationException: Pro sloupec "AGE" není hodnota NULL povolena
NULL not allowed for column "AGE"; SQL statement:
INSERT INTO APP_USER (USER_ID, AGE, EMAIL, FIRSTNAME, LASTNAME, PASSWORD, ROLE, USERNAME) VALUES (?, ?, ?, ?, ?, ?, ?, ?) [23502-200]
Error Code: 23502
Call: INSERT INTO APP_USER (USER_ID, AGE, EMAIL, FIRSTNAME, LASTNAME, PASSWORD, ROLE, USERNAME) VALUES (?, ?, ?, ?, ?, ?, ?, ?)
	bind => [2, null, null, FirstName-279659383, LastName860898448, -1057836381, GUEST, username853212763@kbss.felk.cvut.cz]
Query: InsertObjectQuery(User{FirstName-279659383 LastName860898448(username853212763@kbss.felk.cvut.cz)})
20-05-2022 11:44:43.465 [main] INFO  o.s.t.c.t.TransactionContext - Rolled back transaction for test: [DefaultTestContext@96fc92d testClass = UserDaoTest, testInstance = cz.cvut.kbss.ear.race.dao.UserDaoTest@2de578c3, testMethod = findByUsernameReturnsPersonWithMatchingUsername@UserDaoTest, testException = javax.persistence.PersistenceException: Exception [EclipseLink-4002] (Eclipse Persistence Services - 2.7.7.v20200504-69f2c2b80d): org.eclipse.persistence.exceptions.DatabaseException
Internal Exception: org.h2.jdbc.JdbcSQLIntegrityConstraintViolationException: Pro sloupec "AGE" není hodnota NULL povolena
NULL not allowed for column "AGE"; SQL statement:
INSERT INTO APP_USER (USER_ID, AGE, EMAIL, FIRSTNAME, LASTNAME, PASSWORD, ROLE, USERNAME) VALUES (?, ?, ?, ?, ?, ?, ?, ?) [23502-200]
Error Code: 23502
Call: INSERT INTO APP_USER (USER_ID, AGE, EMAIL, FIRSTNAME, LASTNAME, PASSWORD, ROLE, USERNAME) VALUES (?, ?, ?, ?, ?, ?, ?, ?)
	bind => [2, null, null, FirstName-279659383, LastName860898448, -1057836381, GUEST, username853212763@kbss.felk.cvut.cz]
Query: InsertObjectQuery(User{FirstName-279659383 LastName860898448(username853212763@kbss.felk.cvut.cz)}), mergedContextConfiguration = [MergedContextConfiguration@41639f3f testClass = UserDaoTest, locations = '{}', classes = '{class cz.cvut.kbss.ear.race.RacingOrgApp}', contextInitializerClasses = '[]', activeProfiles = '{}', propertySourceLocations = '{}', propertySourceProperties = '{org.springframework.boot.test.autoconfigure.orm.jpa.DataJpaTestContextBootstrapper=true}', contextCustomizers = set[[ImportsContextCustomizer@619f2071 key = [org.springframework.boot.autoconfigure.cache.CacheAutoConfiguration, org.springframework.boot.autoconfigure.data.jpa.JpaRepositoriesAutoConfiguration, org.springframework.boot.autoconfigure.flyway.FlywayAutoConfiguration, org.springframework.boot.autoconfigure.jdbc.DataSourceAutoConfiguration, org.springframework.boot.autoconfigure.jdbc.DataSourceTransactionManagerAutoConfiguration, org.springframework.boot.autoconfigure.jdbc.JdbcTemplateAutoConfiguration, org.springframework.boot.autoconfigure.liquibase.LiquibaseAutoConfiguration, org.springframework.boot.autoconfigure.orm.jpa.HibernateJpaAutoConfiguration, org.springframework.boot.autoconfigure.transaction.TransactionAutoConfiguration, org.springframework.boot.test.autoconfigure.jdbc.TestDatabaseAutoConfiguration, org.springframework.boot.test.autoconfigure.orm.jpa.TestEntityManagerAutoConfiguration]], org.springframework.boot.test.context.filter.ExcludeFilterContextCustomizer@160e99e0, org.springframework.boot.test.json.DuplicateJsonObjectContextCustomizerFactory$DuplicateJsonObjectContextCustomizer@4e0cc334, org.springframework.boot.test.mock.mockito.MockitoContextCustomizer@0, org.springframework.boot.test.autoconfigure.OverrideAutoConfigurationContextCustomizerFactory$DisableAutoConfigurationContextCustomizer@66ec4409, org.springframework.boot.test.autoconfigure.filter.TypeExcludeFiltersContextCustomizer@351584c0, org.springframework.boot.test.autoconfigure.properties.PropertyMappingContextCustomizer@166455a9, org.springframework.boot.test.autoconfigure.web.servlet.WebDriverContextCustomizerFactory$Customizer@2f3928ac, org.springframework.boot.test.context.SpringBootTestArgs@1], contextLoader = 'org.springframework.boot.test.context.SpringBootContextLoader', parent = [null]], attributes = map[[empty]]]
]]></system-out>
  </testcase>
  <testcase name="findByUsernameReturnsNullForUnknownUsername" classname="cz.cvut.kbss.ear.race.dao.UserDaoTest" time="0.004"/>
</testsuite>